W0414 03:18:01.876000 359811 site-packages/torch/distributed/run.py:852] 
W0414 03:18:01.876000 359811 site-packages/torch/distributed/run.py:852] *****************************************
W0414 03:18:01.876000 359811 site-packages/torch/distributed/run.py:852] Setting OMP_NUM_THREADS environment variable for each process to be 1 in default, to avoid your system being overloaded, please further tune the variable for optimal performance in your application as needed. 
W0414 03:18:01.876000 359811 site-packages/torch/distributed/run.py:852] *****************************************
W0414 03:18:03.387000 359811 site-packages/torch/distributed/elastic/agent/server/api.py:739] Received 2 death signal, shutting down workers
W0414 03:18:03.388000 359811 site-packages/torch/distributed/elastic/multiprocessing/api.py:1010] Sending process 359880 closing signal SIGINT
W0414 03:18:03.389000 359811 site-packages/torch/distributed/elastic/multiprocessing/api.py:1010] Sending process 359881 closing signal SIGINT
Traceback (most recent call last):
  File "/workspace/jobs/demucs/demucs_64_large.py", line 3, in <module>
    import time,json,torch,torch.nn as nn,torch.nn.functional as F,torch.distributed as dist
  File "/venv/main/lib/python3.12/site-packages/torch/__init__.py", line 1894, in <module>
    from torch import storage as storage  # usort: skip
    ^^^^^^^^^^^^^^^^^^^^^^^^^^^^^^^^^^^^
  File "/venv/main/lib/python3.12/site-packages/torch/storage.py", line 27, in <module>
    import numpy as np
  File "/venv/main/lib/python3.12/site-packages/numpy/__init__.py", line 112, in <module>
    from numpy.__config__ import show_config
  File "/venv/main/lib/python3.12/site-packages/numpy/__config__.py", line 4, in <module>
    from numpy._core._multiarray_umath import (
  File "/venv/main/lib/python3.12/site-packages/numpy/_core/__init__.py", line 24, in <module>
    from . import multiarray
  File "/venv/main/lib/python3.12/site-packages/numpy/_core/multiarray.py", line 11, in <module>
    from . import _multiarray_umath, overrides
ImportError: cannot load module more than once per process
###FEATURES###
{"model_type": "audio_source_separation_demucs", "batch_size": 64, "param_count": 77554464}
###END_FEATURES###
demucs_64_large | GPUs:2 | Batch:64 | Params:77,554,464
W0414 03:18:33.389000 359811 site-packages/torch/distributed/elastic/multiprocessing/api.py:1029] Unable to shutdown process 359880 via 2, forcefully exiting via 9
Traceback (most recent call last):
  File "/venv/main/bin/torchrun", line 10, in <module>
    sys.exit(main())
             ^^^^^^
  File "/venv/main/lib/python3.12/site-packages/torch/distributed/elastic/multiprocessing/errors/__init__.py", line 362, in wrapper
    return f(*args, **kwargs)
           ^^^^^^^^^^^^^^^^^^
  File "/venv/main/lib/python3.12/site-packages/torch/distributed/run.py", line 991, in main
    run(args)
  File "/venv/main/lib/python3.12/site-packages/torch/distributed/run.py", line 982, in run
    elastic_launch(
  File "/venv/main/lib/python3.12/site-packages/torch/distributed/launcher/api.py", line 170, in __call__
    return launch_agent(self._config, self._entrypoint, list(args))
           ^^^^^^^^^^^^^^^^^^^^^^^^^^^^^^^^^^^^^^^^^^^^^^^^^^^^^^^^
  File "/venv/main/lib/python3.12/site-packages/torch/distributed/launcher/api.py", line 308, in launch_agent
    result = agent.run()
             ^^^^^^^^^^^
  File "/venv/main/lib/python3.12/site-packages/torch/distributed/elastic/metrics/api.py", line 134, in wrapper
    result = f(*args, **kwargs)
             ^^^^^^^^^^^^^^^^^^
  File "/venv/main/lib/python3.12/site-packages/torch/distributed/elastic/agent/server/api.py", line 731, in run
    result = self._invoke_run(role)
             ^^^^^^^^^^^^^^^^^^^^^^
  File "/venv/main/lib/python3.12/site-packages/torch/distributed/elastic/agent/server/api.py", line 908, in _invoke_run
    time.sleep(monitor_interval)
  File "/venv/main/lib/python3.12/site-packages/torch/distributed/elastic/multiprocessing/api.py", line 86, in _terminate_process_handler
    raise SignalException(f"Process {os.getpid()} got signal: {sigval}", sigval=sigval)
torch.distributed.elastic.multiprocessing.api.SignalException: Process 359811 got signal: 2
