W0414 00:16:49.579000 303775 site-packages/torch/distributed/run.py:852] 
W0414 00:16:49.579000 303775 site-packages/torch/distributed/run.py:852] *****************************************
W0414 00:16:49.579000 303775 site-packages/torch/distributed/run.py:852] Setting OMP_NUM_THREADS environment variable for each process to be 1 in default, to avoid your system being overloaded, please further tune the variable for optimal performance in your application as needed. 
W0414 00:16:49.579000 303775 site-packages/torch/distributed/run.py:852] *****************************************
###FEATURES###
{"model_type": "rl_drq", "batch_size": 128, "param_count": 4382457}
###END_FEATURES###
drq_128_small | GPUs:4 | Batch:128 | Params:4,382,457
[rank3]: Traceback (most recent call last):
[rank3]:   File "/workspace/jobs/drq/drq_128_small.py", line 291, in <module>
[rank3]:     if __name__ == "__main__": main()
[rank3]:                                ^^^^^^
[rank3]:   File "/workspace/jobs/drq/drq_128_small.py", line 246, in main
[rank3]:     next_action, next_log_pi, _ = agent.actor.module.sample(next_obs_aug)
[rank3]:                                   ^^^^^^^^^^^^^^^^^^^^^^^^^^^^^^^^^^^^^^^
[rank3]:   File "/workspace/jobs/drq/drq_128_small.py", line 104, in sample
[rank3]:     log_pi = (-0.5 * noise.pow(2) - 0.5 * math.log(2 * math.pi) - log_std).sum(-1, keepdim=True)
[rank3]:                                                                   ^^^^^^^
[rank3]: NameError: name 'log_std' is not defined
[rank0]: Traceback (most recent call last):
[rank0]:   File "/workspace/jobs/drq/drq_128_small.py", line 291, in <module>
[rank0]:     if __name__ == "__main__": main()
[rank0]:                                ^^^^^^
[rank0]:   File "/workspace/jobs/drq/drq_128_small.py", line 246, in main
[rank0]:     next_action, next_log_pi, _ = agent.actor.module.sample(next_obs_aug)
[rank0]:                                   ^^^^^^^^^^^^^^^^^^^^^^^^^^^^^^^^^^^^^^^
[rank0]:   File "/workspace/jobs/drq/drq_128_small.py", line 104, in sample
[rank0]:     log_pi = (-0.5 * noise.pow(2) - 0.5 * math.log(2 * math.pi) - log_std).sum(-1, keepdim=True)
[rank0]:                                                                   ^^^^^^^
[rank0]: NameError: name 'log_std' is not defined
[rank1]: Traceback (most recent call last):
[rank1]:   File "/workspace/jobs/drq/drq_128_small.py", line 291, in <module>
[rank1]:     if __name__ == "__main__": main()
[rank1]:                                ^^^^^^
[rank1]:   File "/workspace/jobs/drq/drq_128_small.py", line 246, in main
[rank1]:     next_action, next_log_pi, _ = agent.actor.module.sample(next_obs_aug)
[rank1]:                                   ^^^^^^^^^^^^^^^^^^^^^^^^^^^^^^^^^^^^^^^
[rank1]:   File "/workspace/jobs/drq/drq_128_small.py", line 104, in sample
[rank1]:     log_pi = (-0.5 * noise.pow(2) - 0.5 * math.log(2 * math.pi) - log_std).sum(-1, keepdim=True)
[rank1]:                                                                   ^^^^^^^
[rank1]: NameError: name 'log_std' is not defined
[rank2]: Traceback (most recent call last):
[rank2]:   File "/workspace/jobs/drq/drq_128_small.py", line 291, in <module>
[rank2]:     if __name__ == "__main__": main()
[rank2]:                                ^^^^^^
[rank2]:   File "/workspace/jobs/drq/drq_128_small.py", line 246, in main
[rank2]:     next_action, next_log_pi, _ = agent.actor.module.sample(next_obs_aug)
[rank2]:                                   ^^^^^^^^^^^^^^^^^^^^^^^^^^^^^^^^^^^^^^^
[rank2]:   File "/workspace/jobs/drq/drq_128_small.py", line 104, in sample
[rank2]:     log_pi = (-0.5 * noise.pow(2) - 0.5 * math.log(2 * math.pi) - log_std).sum(-1, keepdim=True)
[rank2]:                                                                   ^^^^^^^
[rank2]: NameError: name 'log_std' is not defined
[rank0]:[W414 00:16:57.065403725 ProcessGroupNCCL.cpp:1553] Warning: WARNING: destroy_process_group() was not called before program exit, which can leak resources. For more info, please see https://pytorch.org/docs/stable/distributed.html#shutdown (function operator())
W0414 00:16:57.981000 303775 site-packages/torch/distributed/elastic/multiprocessing/api.py:1010] Sending process 303844 closing signal SIGTERM
W0414 00:16:57.982000 303775 site-packages/torch/distributed/elastic/multiprocessing/api.py:1010] Sending process 303845 closing signal SIGTERM
W0414 00:16:57.983000 303775 site-packages/torch/distributed/elastic/multiprocessing/api.py:1010] Sending process 303846 closing signal SIGTERM
E0414 00:16:58.348000 303775 site-packages/torch/distributed/elastic/multiprocessing/api.py:984] failed (exitcode: 1) local_rank: 3 (pid: 303847) of binary: /venv/main/bin/python3
Traceback (most recent call last):
  File "/venv/main/bin/torchrun", line 10, in <module>
    sys.exit(main())
             ^^^^^^
  File "/venv/main/lib/python3.12/site-packages/torch/distributed/elastic/multiprocessing/errors/__init__.py", line 362, in wrapper
    return f(*args, **kwargs)
           ^^^^^^^^^^^^^^^^^^
  File "/venv/main/lib/python3.12/site-packages/torch/distributed/run.py", line 991, in main
    run(args)
  File "/venv/main/lib/python3.12/site-packages/torch/distributed/run.py", line 982, in run
    elastic_launch(
  File "/venv/main/lib/python3.12/site-packages/torch/distributed/launcher/api.py", line 170, in __call__
    return launch_agent(self._config, self._entrypoint, list(args))
           ^^^^^^^^^^^^^^^^^^^^^^^^^^^^^^^^^^^^^^^^^^^^^^^^^^^^^^^^
  File "/venv/main/lib/python3.12/site-packages/torch/distributed/launcher/api.py", line 317, in launch_agent
    raise ChildFailedError(
torch.distributed.elastic.multiprocessing.errors.ChildFailedError: 
============================================================
/workspace/jobs/drq/drq_128_small.py FAILED
------------------------------------------------------------
Failures:
[1]:
  time      : 2026-04-14_00:16:58
  host      : 72d3b753fbb9
  rank      : 0 (local_rank: 0)
  exitcode  : 1 (pid: 303844)
  error_file: <N/A>
  traceback : To enable traceback see: https://pytorch.org/docs/stable/elastic/errors.html
[2]:
  time      : 2026-04-14_00:16:58
  host      : 72d3b753fbb9
  rank      : 1 (local_rank: 1)
  exitcode  : 1 (pid: 303845)
  error_file: <N/A>
  traceback : To enable traceback see: https://pytorch.org/docs/stable/elastic/errors.html
[3]:
  time      : 2026-04-14_00:16:58
  host      : 72d3b753fbb9
  rank      : 2 (local_rank: 2)
  exitcode  : 1 (pid: 303846)
  error_file: <N/A>
  traceback : To enable traceback see: https://pytorch.org/docs/stable/elastic/errors.html
------------------------------------------------------------
Root Cause (first observed failure):
[0]:
  time      : 2026-04-14_00:16:57
  host      : 72d3b753fbb9
  rank      : 3 (local_rank: 3)
  exitcode  : 1 (pid: 303847)
  error_file: <N/A>
  traceback : To enable traceback see: https://pytorch.org/docs/stable/elastic/errors.html
============================================================
