W0414 00:17:00.586000 303931 site-packages/torch/distributed/run.py:852] 
W0414 00:17:00.586000 303931 site-packages/torch/distributed/run.py:852] *****************************************
W0414 00:17:00.586000 303931 site-packages/torch/distributed/run.py:852] Setting OMP_NUM_THREADS environment variable for each process to be 1 in default, to avoid your system being overloaded, please further tune the variable for optimal performance in your application as needed. 
W0414 00:17:00.586000 303931 site-packages/torch/distributed/run.py:852] *****************************************
###FEATURES###
{"model_type": "rl_drq", "batch_size": 128, "param_count": 4382457}
###END_FEATURES###
drq_128_small | GPUs:8 | Batch:128 | Params:4,382,457
[rank3]: Traceback (most recent call last):
[rank3]:   File "/workspace/jobs/drq/drq_128_small.py", line 291, in <module>
[rank3]:     if __name__ == "__main__": main()
[rank3]:                                ^^^^^^
[rank3]:   File "/workspace/jobs/drq/drq_128_small.py", line 246, in main
[rank3]:     next_action, next_log_pi, _ = agent.actor.module.sample(next_obs_aug)
[rank3]:                                   ^^^^^^^^^^^^^^^^^^^^^^^^^^^^^^^^^^^^^^^
[rank3]:   File "/workspace/jobs/drq/drq_128_small.py", line 104, in sample
[rank3]:     log_pi = (-0.5 * noise.pow(2) - 0.5 * math.log(2 * math.pi) - log_std).sum(-1, keepdim=True)
[rank3]:                                                                   ^^^^^^^
[rank3]: NameError: name 'log_std' is not defined
[rank4]: Traceback (most recent call last):
[rank4]:   File "/workspace/jobs/drq/drq_128_small.py", line 291, in <module>
[rank4]:     if __name__ == "__main__": main()
[rank4]:                                ^^^^^^
[rank4]:   File "/workspace/jobs/drq/drq_128_small.py", line 246, in main
[rank4]:     next_action, next_log_pi, _ = agent.actor.module.sample(next_obs_aug)
[rank4]:                                   ^^^^^^^^^^^^^^^^^^^^^^^^^^^^^^^^^^^^^^^
[rank4]:   File "/workspace/jobs/drq/drq_128_small.py", line 104, in sample
[rank4]:     log_pi = (-0.5 * noise.pow(2) - 0.5 * math.log(2 * math.pi) - log_std).sum(-1, keepdim=True)
[rank4]:                                                                   ^^^^^^^
[rank4]: NameError: name 'log_std' is not defined
[rank7]: Traceback (most recent call last):
[rank7]:   File "/workspace/jobs/drq/drq_128_small.py", line 291, in <module>
[rank7]:     if __name__ == "__main__": main()
[rank7]:                                ^^^^^^
[rank7]:   File "/workspace/jobs/drq/drq_128_small.py", line 246, in main
[rank7]:     next_action, next_log_pi, _ = agent.actor.module.sample(next_obs_aug)
[rank7]:                                   ^^^^^^^^^^^^^^^^^^^^^^^^^^^^^^^^^^^^^^^
[rank7]:   File "/workspace/jobs/drq/drq_128_small.py", line 104, in sample
[rank7]:     log_pi = (-0.5 * noise.pow(2) - 0.5 * math.log(2 * math.pi) - log_std).sum(-1, keepdim=True)
[rank7]:                                                                   ^^^^^^^
[rank7]: NameError: name 'log_std' is not defined
[rank5]: Traceback (most recent call last):
[rank5]:   File "/workspace/jobs/drq/drq_128_small.py", line 291, in <module>
[rank5]:     if __name__ == "__main__": main()
[rank5]:                                ^^^^^^
[rank5]:   File "/workspace/jobs/drq/drq_128_small.py", line 246, in main
[rank5]:     next_action, next_log_pi, _ = agent.actor.module.sample(next_obs_aug)
[rank5]:                                   ^^^^^^^^^^^^^^^^^^^^^^^^^^^^^^^^^^^^^^^
[rank5]:   File "/workspace/jobs/drq/drq_128_small.py", line 104, in sample
[rank5]:     log_pi = (-0.5 * noise.pow(2) - 0.5 * math.log(2 * math.pi) - log_std).sum(-1, keepdim=True)
[rank5]:                                                                   ^^^^^^^
[rank5]: NameError: name 'log_std' is not defined
[rank0]: Traceback (most recent call last):
[rank0]:   File "/workspace/jobs/drq/drq_128_small.py", line 291, in <module>
[rank0]:     if __name__ == "__main__": main()
[rank0]:                                ^^^^^^
[rank0]:   File "/workspace/jobs/drq/drq_128_small.py", line 246, in main
[rank0]:     next_action, next_log_pi, _ = agent.actor.module.sample(next_obs_aug)
[rank0]:                                   ^^^^^^^^^^^^^^^^^^^^^^^^^^^^^^^^^^^^^^^
[rank0]:   File "/workspace/jobs/drq/drq_128_small.py", line 104, in sample
[rank0]:     log_pi = (-0.5 * noise.pow(2) - 0.5 * math.log(2 * math.pi) - log_std).sum(-1, keepdim=True)
[rank0]:                                                                   ^^^^^^^
[rank0]: NameError: name 'log_std' is not defined
[rank2]: Traceback (most recent call last):
[rank2]:   File "/workspace/jobs/drq/drq_128_small.py", line 291, in <module>
[rank2]:     if __name__ == "__main__": main()
[rank2]:                                ^^^^^^
[rank2]:   File "/workspace/jobs/drq/drq_128_small.py", line 246, in main
[rank2]:     next_action, next_log_pi, _ = agent.actor.module.sample(next_obs_aug)
[rank2]:                                   ^^^^^^^^^^^^^^^^^^^^^^^^^^^^^^^^^^^^^^^
[rank2]:   File "/workspace/jobs/drq/drq_128_small.py", line 104, in sample
[rank2]:     log_pi = (-0.5 * noise.pow(2) - 0.5 * math.log(2 * math.pi) - log_std).sum(-1, keepdim=True)
[rank2]:                                                                   ^^^^^^^
[rank2]: NameError: name 'log_std' is not defined
[rank1]: Traceback (most recent call last):
[rank1]:   File "/workspace/jobs/drq/drq_128_small.py", line 291, in <module>
[rank1]:     if __name__ == "__main__": main()
[rank1]:                                ^^^^^^
[rank1]:   File "/workspace/jobs/drq/drq_128_small.py", line 246, in main
[rank1]:     next_action, next_log_pi, _ = agent.actor.module.sample(next_obs_aug)
[rank1]:                                   ^^^^^^^^^^^^^^^^^^^^^^^^^^^^^^^^^^^^^^^
[rank1]:   File "/workspace/jobs/drq/drq_128_small.py", line 104, in sample
[rank1]:     log_pi = (-0.5 * noise.pow(2) - 0.5 * math.log(2 * math.pi) - log_std).sum(-1, keepdim=True)
[rank1]:                                                                   ^^^^^^^
[rank1]: NameError: name 'log_std' is not defined
[rank6]: Traceback (most recent call last):
[rank6]:   File "/workspace/jobs/drq/drq_128_small.py", line 291, in <module>
[rank6]:     if __name__ == "__main__": main()
[rank6]:                                ^^^^^^
[rank6]:   File "/workspace/jobs/drq/drq_128_small.py", line 246, in main
[rank6]:     next_action, next_log_pi, _ = agent.actor.module.sample(next_obs_aug)
[rank6]:                                   ^^^^^^^^^^^^^^^^^^^^^^^^^^^^^^^^^^^^^^^
[rank6]:   File "/workspace/jobs/drq/drq_128_small.py", line 104, in sample
[rank6]:     log_pi = (-0.5 * noise.pow(2) - 0.5 * math.log(2 * math.pi) - log_std).sum(-1, keepdim=True)
[rank6]:                                                                   ^^^^^^^
[rank6]: NameError: name 'log_std' is not defined
[rank0]:[W414 00:17:09.866916100 ProcessGroupNCCL.cpp:1553] Warning: WARNING: destroy_process_group() was not called before program exit, which can leak resources. For more info, please see https://pytorch.org/docs/stable/distributed.html#shutdown (function operator())
W0414 00:17:10.806000 303931 site-packages/torch/distributed/elastic/multiprocessing/api.py:1010] Sending process 304003 closing signal SIGTERM
W0414 00:17:10.807000 303931 site-packages/torch/distributed/elastic/multiprocessing/api.py:1010] Sending process 304004 closing signal SIGTERM
W0414 00:17:10.808000 303931 site-packages/torch/distributed/elastic/multiprocessing/api.py:1010] Sending process 304005 closing signal SIGTERM
W0414 00:17:10.809000 303931 site-packages/torch/distributed/elastic/multiprocessing/api.py:1010] Sending process 304006 closing signal SIGTERM
W0414 00:17:10.810000 303931 site-packages/torch/distributed/elastic/multiprocessing/api.py:1010] Sending process 304008 closing signal SIGTERM
W0414 00:17:10.811000 303931 site-packages/torch/distributed/elastic/multiprocessing/api.py:1010] Sending process 304009 closing signal SIGTERM
W0414 00:17:10.812000 303931 site-packages/torch/distributed/elastic/multiprocessing/api.py:1010] Sending process 304010 closing signal SIGTERM
E0414 00:17:11.355000 303931 site-packages/torch/distributed/elastic/multiprocessing/api.py:984] failed (exitcode: 1) local_rank: 4 (pid: 304007) of binary: /venv/main/bin/python3
Traceback (most recent call last):
  File "/venv/main/bin/torchrun", line 10, in <module>
    sys.exit(main())
             ^^^^^^
  File "/venv/main/lib/python3.12/site-packages/torch/distributed/elastic/multiprocessing/errors/__init__.py", line 362, in wrapper
    return f(*args, **kwargs)
           ^^^^^^^^^^^^^^^^^^
  File "/venv/main/lib/python3.12/site-packages/torch/distributed/run.py", line 991, in main
    run(args)
  File "/venv/main/lib/python3.12/site-packages/torch/distributed/run.py", line 982, in run
    elastic_launch(
  File "/venv/main/lib/python3.12/site-packages/torch/distributed/launcher/api.py", line 170, in __call__
    return launch_agent(self._config, self._entrypoint, list(args))
           ^^^^^^^^^^^^^^^^^^^^^^^^^^^^^^^^^^^^^^^^^^^^^^^^^^^^^^^^
  File "/venv/main/lib/python3.12/site-packages/torch/distributed/launcher/api.py", line 317, in launch_agent
    raise ChildFailedError(
torch.distributed.elastic.multiprocessing.errors.ChildFailedError: 
============================================================
/workspace/jobs/drq/drq_128_small.py FAILED
------------------------------------------------------------
Failures:
[1]:
  time      : 2026-04-14_00:17:11
  host      : 72d3b753fbb9
  rank      : 0 (local_rank: 0)
  exitcode  : 1 (pid: 304003)
  error_file: <N/A>
  traceback : To enable traceback see: https://pytorch.org/docs/stable/elastic/errors.html
[2]:
  time      : 2026-04-14_00:17:11
  host      : 72d3b753fbb9
  rank      : 1 (local_rank: 1)
  exitcode  : 1 (pid: 304004)
  error_file: <N/A>
  traceback : To enable traceback see: https://pytorch.org/docs/stable/elastic/errors.html
[3]:
  time      : 2026-04-14_00:17:11
  host      : 72d3b753fbb9
  rank      : 2 (local_rank: 2)
  exitcode  : 1 (pid: 304005)
  error_file: <N/A>
  traceback : To enable traceback see: https://pytorch.org/docs/stable/elastic/errors.html
[4]:
  time      : 2026-04-14_00:17:11
  host      : 72d3b753fbb9
  rank      : 3 (local_rank: 3)
  exitcode  : 1 (pid: 304006)
  error_file: <N/A>
  traceback : To enable traceback see: https://pytorch.org/docs/stable/elastic/errors.html
[5]:
  time      : 2026-04-14_00:17:11
  host      : 72d3b753fbb9
  rank      : 5 (local_rank: 5)
  exitcode  : 1 (pid: 304008)
  error_file: <N/A>
  traceback : To enable traceback see: https://pytorch.org/docs/stable/elastic/errors.html
[6]:
  time      : 2026-04-14_00:17:11
  host      : 72d3b753fbb9
  rank      : 6 (local_rank: 6)
  exitcode  : 1 (pid: 304009)
  error_file: <N/A>
  traceback : To enable traceback see: https://pytorch.org/docs/stable/elastic/errors.html
[7]:
  time      : 2026-04-14_00:17:11
  host      : 72d3b753fbb9
  rank      : 7 (local_rank: 7)
  exitcode  : 1 (pid: 304010)
  error_file: <N/A>
  traceback : To enable traceback see: https://pytorch.org/docs/stable/elastic/errors.html
------------------------------------------------------------
Root Cause (first observed failure):
[0]:
  time      : 2026-04-14_00:17:10
  host      : 72d3b753fbb9
  rank      : 4 (local_rank: 4)
  exitcode  : 1 (pid: 304007)
  error_file: <N/A>
  traceback : To enable traceback see: https://pytorch.org/docs/stable/elastic/errors.html
============================================================
