W0412 20:31:58.176000 210084 site-packages/torch/distributed/run.py:852] 
W0412 20:31:58.176000 210084 site-packages/torch/distributed/run.py:852] *****************************************
W0412 20:31:58.176000 210084 site-packages/torch/distributed/run.py:852] Setting OMP_NUM_THREADS environment variable for each process to be 1 in default, to avoid your system being overloaded, please further tune the variable for optimal performance in your application as needed. 
W0412 20:31:58.176000 210084 site-packages/torch/distributed/run.py:852] *****************************************
###FEATURES###
{"model_type": "cnn", "batch_size": 64, "param_count": 60736628}
###END_FEATURES###
nfnet_64_large | GPUs:8 | Batch:64 | Params:60,736,628
[rank7]: Traceback (most recent call last):
[rank7]:   File "/workspace/jobs/dm_nfnet_f0/nfnet_64_large.py", line 220, in <module>
[rank7]:     if __name__ == "__main__": main()
[rank7]:                                ^^^^^^
[rank7]:   File "/workspace/jobs/dm_nfnet_f0/nfnet_64_large.py", line 208, in main
[rank7]:     out = model(imgs)
[rank7]:           ^^^^^^^^^^^
[rank7]:   File "/venv/main/lib/python3.12/site-packages/torch/nn/modules/module.py", line 1776, in _wrapped_call_impl
[rank7]:     return self._call_impl(*args, **kwargs)
[rank7]:            ^^^^^^^^^^^^^^^^^^^^^^^^^^^^^^^^
[rank7]:   File "/venv/main/lib/python3.12/site-packages/torch/nn/modules/module.py", line 1787, in _call_impl
[rank7]:     return forward_call(*args, **kwargs)
[rank7]:            ^^^^^^^^^^^^^^^^^^^^^^^^^^^^^
[rank7]:   File "/venv/main/lib/python3.12/site-packages/torch/nn/parallel/distributed.py", line 1666, in forward
[rank7]:     else self._run_ddp_forward(*inputs, **kwargs)
[rank7]:          ^^^^^^^^^^^^^^^^^^^^^^^^^^^^^^^^^^^^^^^^
[rank7]:   File "/venv/main/lib/python3.12/site-packages/torch/nn/parallel/distributed.py", line 1492, in _run_ddp_forward
[rank7]:     return self.module(*inputs, **kwargs)  # type: ignore[index]
[rank7]:            ^^^^^^^^^^^^^^^^^^^^^^^^^^^^^^
[rank7]:   File "/venv/main/lib/python3.12/site-packages/torch/nn/modules/module.py", line 1776, in _wrapped_call_impl
[rank7]:     return self._call_impl(*args, **kwargs)
[rank7]:            ^^^^^^^^^^^^^^^^^^^^^^^^^^^^^^^^
[rank7]:   File "/venv/main/lib/python3.12/site-packages/torch/nn/modules/module.py", line 1787, in _call_impl
[rank7]:     return forward_call(*args, **kwargs)
[rank7]:            ^^^^^^^^^^^^^^^^^^^^^^^^^^^^^
[rank7]:   File "/workspace/jobs/dm_nfnet_f0/nfnet_64_large.py", line 166, in forward
[rank7]:     x = self.stages(x)
[rank7]:         ^^^^^^^^^^^^^^
[rank7]:   File "/venv/main/lib/python3.12/site-packages/torch/nn/modules/module.py", line 1776, in _wrapped_call_impl
[rank7]:     return self._call_impl(*args, **kwargs)
[rank7]:            ^^^^^^^^^^^^^^^^^^^^^^^^^^^^^^^^
[rank7]:   File "/venv/main/lib/python3.12/site-packages/torch/nn/modules/module.py", line 1787, in _call_impl
[rank7]:     return forward_call(*args, **kwargs)
[rank7]:            ^^^^^^^^^^^^^^^^^^^^^^^^^^^^^
[rank7]:   File "/venv/main/lib/python3.12/site-packages/torch/nn/modules/container.py", line 253, in forward
[rank7]:     input = module(input)
[rank7]:             ^^^^^^^^^^^^^
[rank7]:   File "/venv/main/lib/python3.12/site-packages/torch/nn/modules/module.py", line 1776, in _wrapped_call_impl
[rank7]:     return self._call_impl(*args, **kwargs)
[rank7]:            ^^^^^^^^^^^^^^^^^^^^^^^^^^^^^^^^
[rank7]:   File "/venv/main/lib/python3.12/site-packages/torch/nn/modules/module.py", line 1787, in _call_impl
[rank7]:     return forward_call(*args, **kwargs)
[rank7]:            ^^^^^^^^^^^^^^^^^^^^^^^^^^^^^
[rank7]:   File "/venv/main/lib/python3.12/site-packages/torch/nn/modules/container.py", line 253, in forward
[rank7]:     input = module(input)
[rank7]:             ^^^^^^^^^^^^^
[rank7]:   File "/venv/main/lib/python3.12/site-packages/torch/nn/modules/module.py", line 1776, in _wrapped_call_impl
[rank7]:     return self._call_impl(*args, **kwargs)
[rank7]:            ^^^^^^^^^^^^^^^^^^^^^^^^^^^^^^^^
[rank7]:   File "/venv/main/lib/python3.12/site-packages/torch/nn/modules/module.py", line 1787, in _call_impl
[rank7]:     return forward_call(*args, **kwargs)
[rank7]:            ^^^^^^^^^^^^^^^^^^^^^^^^^^^^^
[rank7]:   File "/workspace/jobs/dm_nfnet_f0/nfnet_64_large.py", line 99, in forward
[rank7]:     out = self.conv3(out)
[rank7]:           ^^^^^^^^^^^^^^^
[rank7]:   File "/venv/main/lib/python3.12/site-packages/torch/nn/modules/module.py", line 1776, in _wrapped_call_impl
[rank7]:     return self._call_impl(*args, **kwargs)
[rank7]:            ^^^^^^^^^^^^^^^^^^^^^^^^^^^^^^^^
[rank7]:   File "/venv/main/lib/python3.12/site-packages/torch/nn/modules/module.py", line 1787, in _call_impl
[rank7]:     return forward_call(*args, **kwargs)
[rank7]:            ^^^^^^^^^^^^^^^^^^^^^^^^^^^^^
[rank7]:   File "/workspace/jobs/dm_nfnet_f0/nfnet_64_large.py", line 40, in forward
[rank7]:     return F.conv2d(x, weight, self.bias, self.stride, self.padding, self.dilation, self.groups)
[rank7]:            ^^^^^^^^^^^^^^^^^^^^^^^^^^^^^^^^^^^^^^^^^^^^^^^^^^^^^^^^^^^^^^^^^^^^^^^^^^^^^^^^^^^^^
[rank7]: torch.OutOfMemoryError: CUDA out of memory. Tried to allocate 12.00 MiB. GPU 7 has a total capacity of 11.63 GiB of which 12.75 MiB is free. Process 1651544 has 11.61 GiB memory in use. Of the allocated memory 11.37 GiB is allocated by PyTorch, and 31.27 MiB is reserved by PyTorch but unallocated. If reserved but unallocated memory is large try setting PYTORCH_ALLOC_CONF=expandable_segments:True to avoid fragmentation.  See documentation for Memory Management  (https://pytorch.org/docs/stable/notes/cuda.html#environment-variables)
[rank6]: Traceback (most recent call last):
[rank6]:   File "/workspace/jobs/dm_nfnet_f0/nfnet_64_large.py", line 220, in <module>
[rank6]:     if __name__ == "__main__": main()
[rank6]:                                ^^^^^^
[rank6]:   File "/workspace/jobs/dm_nfnet_f0/nfnet_64_large.py", line 208, in main
[rank6]:     out = model(imgs)
[rank6]:           ^^^^^^^^^^^
[rank6]:   File "/venv/main/lib/python3.12/site-packages/torch/nn/modules/module.py", line 1776, in _wrapped_call_impl
[rank6]:     return self._call_impl(*args, **kwargs)
[rank6]:            ^^^^^^^^^^^^^^^^^^^^^^^^^^^^^^^^
[rank6]:   File "/venv/main/lib/python3.12/site-packages/torch/nn/modules/module.py", line 1787, in _call_impl
[rank6]:     return forward_call(*args, **kwargs)
[rank6]:            ^^^^^^^^^^^^^^^^^^^^^^^^^^^^^
[rank6]:   File "/venv/main/lib/python3.12/site-packages/torch/nn/parallel/distributed.py", line 1666, in forward
[rank6]:     else self._run_ddp_forward(*inputs, **kwargs)
[rank6]:          ^^^^^^^^^^^^^^^^^^^^^^^^^^^^^^^^^^^^^^^^
[rank6]:   File "/venv/main/lib/python3.12/site-packages/torch/nn/parallel/distributed.py", line 1492, in _run_ddp_forward
[rank6]:     return self.module(*inputs, **kwargs)  # type: ignore[index]
[rank6]:            ^^^^^^^^^^^^^^^^^^^^^^^^^^^^^^
[rank6]:   File "/venv/main/lib/python3.12/site-packages/torch/nn/modules/module.py", line 1776, in _wrapped_call_impl
[rank6]:     return self._call_impl(*args, **kwargs)
[rank6]:            ^^^^^^^^^^^^^^^^^^^^^^^^^^^^^^^^
[rank6]:   File "/venv/main/lib/python3.12/site-packages/torch/nn/modules/module.py", line 1787, in _call_impl
[rank6]:     return forward_call(*args, **kwargs)
[rank6]:            ^^^^^^^^^^^^^^^^^^^^^^^^^^^^^
[rank6]:   File "/workspace/jobs/dm_nfnet_f0/nfnet_64_large.py", line 166, in forward
[rank6]:     x = self.stages(x)
[rank6]:         ^^^^^^^^^^^^^^
[rank6]:   File "/venv/main/lib/python3.12/site-packages/torch/nn/modules/module.py", line 1776, in _wrapped_call_impl
[rank6]:     return self._call_impl(*args, **kwargs)
[rank6]:            ^^^^^^^^^^^^^^^^^^^^^^^^^^^^^^^^
[rank6]:   File "/venv/main/lib/python3.12/site-packages/torch/nn/modules/module.py", line 1787, in _call_impl
[rank6]:     return forward_call(*args, **kwargs)
[rank6]:            ^^^^^^^^^^^^^^^^^^^^^^^^^^^^^
[rank6]:   File "/venv/main/lib/python3.12/site-packages/torch/nn/modules/container.py", line 253, in forward
[rank6]:     input = module(input)
[rank6]:             ^^^^^^^^^^^^^
[rank6]:   File "/venv/main/lib/python3.12/site-packages/torch/nn/modules/module.py", line 1776, in _wrapped_call_impl
[rank6]:     return self._call_impl(*args, **kwargs)
[rank6]:            ^^^^^^^^^^^^^^^^^^^^^^^^^^^^^^^^
[rank6]:   File "/venv/main/lib/python3.12/site-packages/torch/nn/modules/module.py", line 1787, in _call_impl
[rank6]:     return forward_call(*args, **kwargs)
[rank6]:            ^^^^^^^^^^^^^^^^^^^^^^^^^^^^^
[rank6]:   File "/venv/main/lib/python3.12/site-packages/torch/nn/modules/container.py", line 253, in forward
[rank6]:     input = module(input)
[rank6]:             ^^^^^^^^^^^^^
[rank6]:   File "/venv/main/lib/python3.12/site-packages/torch/nn/modules/module.py", line 1776, in _wrapped_call_impl
[rank6]:     return self._call_impl(*args, **kwargs)
[rank6]:            ^^^^^^^^^^^^^^^^^^^^^^^^^^^^^^^^
[rank6]:   File "/venv/main/lib/python3.12/site-packages/torch/nn/modules/module.py", line 1787, in _call_impl
[rank6]:     return forward_call(*args, **kwargs)
[rank6]:            ^^^^^^^^^^^^^^^^^^^^^^^^^^^^^
[rank6]:   File "/workspace/jobs/dm_nfnet_f0/nfnet_64_large.py", line 99, in forward
[rank6]:     out = self.conv3(out)
[rank6]:           ^^^^^^^^^^^^^^^
[rank6]:   File "/venv/main/lib/python3.12/site-packages/torch/nn/modules/module.py", line 1776, in _wrapped_call_impl
[rank6]:     return self._call_impl(*args, **kwargs)
[rank6]:            ^^^^^^^^^^^^^^^^^^^^^^^^^^^^^^^^
[rank6]:   File "/venv/main/lib/python3.12/site-packages/torch/nn/modules/module.py", line 1787, in _call_impl
[rank6]:     return forward_call(*args, **kwargs)
[rank6]:            ^^^^^^^^^^^^^^^^^^^^^^^^^^^^^
[rank6]:   File "/workspace/jobs/dm_nfnet_f0/nfnet_64_large.py", line 40, in forward
[rank6]:     return F.conv2d(x, weight, self.bias, self.stride, self.padding, self.dilation, self.groups)
[rank6]:            ^^^^^^^^^^^^^^^^^^^^^^^^^^^^^^^^^^^^^^^^^^^^^^^^^^^^^^^^^^^^^^^^^^^^^^^^^^^^^^^^^^^^^
[rank6]: torch.OutOfMemoryError: CUDA out of memory. Tried to allocate 12.00 MiB. GPU 6 has a total capacity of 11.63 GiB of which 12.75 MiB is free. Process 1651543 has 11.61 GiB memory in use. Of the allocated memory 11.37 GiB is allocated by PyTorch, and 31.27 MiB is reserved by PyTorch but unallocated. If reserved but unallocated memory is large try setting PYTORCH_ALLOC_CONF=expandable_segments:True to avoid fragmentation.  See documentation for Memory Management  (https://pytorch.org/docs/stable/notes/cuda.html#environment-variables)
[rank4]: Traceback (most recent call last):
[rank4]:   File "/workspace/jobs/dm_nfnet_f0/nfnet_64_large.py", line 220, in <module>
[rank4]:     if __name__ == "__main__": main()
[rank4]:                                ^^^^^^
[rank4]:   File "/workspace/jobs/dm_nfnet_f0/nfnet_64_large.py", line 208, in main
[rank4]:     out = model(imgs)
[rank4]:           ^^^^^^^^^^^
[rank4]:   File "/venv/main/lib/python3.12/site-packages/torch/nn/modules/module.py", line 1776, in _wrapped_call_impl
[rank4]:     return self._call_impl(*args, **kwargs)
[rank4]:            ^^^^^^^^^^^^^^^^^^^^^^^^^^^^^^^^
[rank4]:   File "/venv/main/lib/python3.12/site-packages/torch/nn/modules/module.py", line 1787, in _call_impl
[rank4]:     return forward_call(*args, **kwargs)
[rank4]:            ^^^^^^^^^^^^^^^^^^^^^^^^^^^^^
[rank4]:   File "/venv/main/lib/python3.12/site-packages/torch/nn/parallel/distributed.py", line 1666, in forward
[rank4]:     else self._run_ddp_forward(*inputs, **kwargs)
[rank4]:          ^^^^^^^^^^^^^^^^^^^^^^^^^^^^^^^^^^^^^^^^
[rank4]:   File "/venv/main/lib/python3.12/site-packages/torch/nn/parallel/distributed.py", line 1492, in _run_ddp_forward
[rank4]:     return self.module(*inputs, **kwargs)  # type: ignore[index]
[rank4]:            ^^^^^^^^^^^^^^^^^^^^^^^^^^^^^^
[rank4]:   File "/venv/main/lib/python3.12/site-packages/torch/nn/modules/module.py", line 1776, in _wrapped_call_impl
[rank4]:     return self._call_impl(*args, **kwargs)
[rank4]:            ^^^^^^^^^^^^^^^^^^^^^^^^^^^^^^^^
[rank4]:   File "/venv/main/lib/python3.12/site-packages/torch/nn/modules/module.py", line 1787, in _call_impl
[rank4]:     return forward_call(*args, **kwargs)
[rank4]:            ^^^^^^^^^^^^^^^^^^^^^^^^^^^^^
[rank4]:   File "/workspace/jobs/dm_nfnet_f0/nfnet_64_large.py", line 166, in forward
[rank4]:     x = self.stages(x)
[rank4]:         ^^^^^^^^^^^^^^
[rank4]:   File "/venv/main/lib/python3.12/site-packages/torch/nn/modules/module.py", line 1776, in _wrapped_call_impl
[rank4]:     return self._call_impl(*args, **kwargs)
[rank4]:            ^^^^^^^^^^^^^^^^^^^^^^^^^^^^^^^^
[rank4]:   File "/venv/main/lib/python3.12/site-packages/torch/nn/modules/module.py", line 1787, in _call_impl
[rank4]:     return forward_call(*args, **kwargs)
[rank4]:            ^^^^^^^^^^^^^^^^^^^^^^^^^^^^^
[rank4]:   File "/venv/main/lib/python3.12/site-packages/torch/nn/modules/container.py", line 253, in forward
[rank4]:     input = module(input)
[rank4]:             ^^^^^^^^^^^^^
[rank4]:   File "/venv/main/lib/python3.12/site-packages/torch/nn/modules/module.py", line 1776, in _wrapped_call_impl
[rank4]:     return self._call_impl(*args, **kwargs)
[rank4]:            ^^^^^^^^^^^^^^^^^^^^^^^^^^^^^^^^
[rank4]:   File "/venv/main/lib/python3.12/site-packages/torch/nn/modules/module.py", line 1787, in _call_impl
[rank4]:     return forward_call(*args, **kwargs)
[rank4]:            ^^^^^^^^^^^^^^^^^^^^^^^^^^^^^
[rank4]:   File "/venv/main/lib/python3.12/site-packages/torch/nn/modules/container.py", line 253, in forward
[rank4]:     input = module(input)
[rank4]:             ^^^^^^^^^^^^^
[rank4]:   File "/venv/main/lib/python3.12/site-packages/torch/nn/modules/module.py", line 1776, in _wrapped_call_impl
[rank4]:     return self._call_impl(*args, **kwargs)
[rank4]:            ^^^^^^^^^^^^^^^^^^^^^^^^^^^^^^^^
[rank4]:   File "/venv/main/lib/python3.12/site-packages/torch/nn/modules/module.py", line 1787, in _call_impl
[rank4]:     return forward_call(*args, **kwargs)
[rank4]:            ^^^^^^^^^^^^^^^^^^^^^^^^^^^^^
[rank4]:   File "/workspace/jobs/dm_nfnet_f0/nfnet_64_large.py", line 99, in forward
[rank4]:     out = self.conv3(out)
[rank4]:           ^^^^^^^^^^^^^^^
[rank4]:   File "/venv/main/lib/python3.12/site-packages/torch/nn/modules/module.py", line 1776, in _wrapped_call_impl
[rank4]:     return self._call_impl(*args, **kwargs)
[rank4]:            ^^^^^^^^^^^^^^^^^^^^^^^^^^^^^^^^
[rank4]:   File "/venv/main/lib/python3.12/site-packages/torch/nn/modules/module.py", line 1787, in _call_impl
[rank4]:     return forward_call(*args, **kwargs)
[rank4]:            ^^^^^^^^^^^^^^^^^^^^^^^^^^^^^
[rank4]:   File "/workspace/jobs/dm_nfnet_f0/nfnet_64_large.py", line 40, in forward
[rank4]:     return F.conv2d(x, weight, self.bias, self.stride, self.padding, self.dilation, self.groups)
[rank4]:            ^^^^^^^^^^^^^^^^^^^^^^^^^^^^^^^^^^^^^^^^^^^^^^^^^^^^^^^^^^^^^^^^^^^^^^^^^^^^^^^^^^^^^
[rank4]: torch.OutOfMemoryError: CUDA out of memory. Tried to allocate 12.00 MiB. GPU 4 has a total capacity of 11.63 GiB of which 12.75 MiB is free. Process 1651541 has 11.61 GiB memory in use. Of the allocated memory 11.37 GiB is allocated by PyTorch, and 31.27 MiB is reserved by PyTorch but unallocated. If reserved but unallocated memory is large try setting PYTORCH_ALLOC_CONF=expandable_segments:True to avoid fragmentation.  See documentation for Memory Management  (https://pytorch.org/docs/stable/notes/cuda.html#environment-variables)
[rank0]: Traceback (most recent call last):
[rank0]:   File "/workspace/jobs/dm_nfnet_f0/nfnet_64_large.py", line 220, in <module>
[rank0]:     if __name__ == "__main__": main()
[rank0]:                                ^^^^^^
[rank0]:   File "/workspace/jobs/dm_nfnet_f0/nfnet_64_large.py", line 208, in main
[rank0]:     out = model(imgs)
[rank0]:           ^^^^^^^^^^^
[rank0]:   File "/venv/main/lib/python3.12/site-packages/torch/nn/modules/module.py", line 1776, in _wrapped_call_impl
[rank0]:     return self._call_impl(*args, **kwargs)
[rank0]:            ^^^^^^^^^^^^^^^^^^^^^^^^^^^^^^^^
[rank0]:   File "/venv/main/lib/python3.12/site-packages/torch/nn/modules/module.py", line 1787, in _call_impl
[rank0]:     return forward_call(*args, **kwargs)
[rank0]:            ^^^^^^^^^^^^^^^^^^^^^^^^^^^^^
[rank0]:   File "/venv/main/lib/python3.12/site-packages/torch/nn/parallel/distributed.py", line 1666, in forward
[rank0]:     else self._run_ddp_forward(*inputs, **kwargs)
[rank0]:          ^^^^^^^^^^^^^^^^^^^^^^^^^^^^^^^^^^^^^^^^
[rank0]:   File "/venv/main/lib/python3.12/site-packages/torch/nn/parallel/distributed.py", line 1492, in _run_ddp_forward
[rank0]:     return self.module(*inputs, **kwargs)  # type: ignore[index]
[rank0]:            ^^^^^^^^^^^^^^^^^^^^^^^^^^^^^^
[rank0]:   File "/venv/main/lib/python3.12/site-packages/torch/nn/modules/module.py", line 1776, in _wrapped_call_impl
[rank0]:     return self._call_impl(*args, **kwargs)
[rank0]:            ^^^^^^^^^^^^^^^^^^^^^^^^^^^^^^^^
[rank0]:   File "/venv/main/lib/python3.12/site-packages/torch/nn/modules/module.py", line 1787, in _call_impl
[rank0]:     return forward_call(*args, **kwargs)
[rank0]:            ^^^^^^^^^^^^^^^^^^^^^^^^^^^^^
[rank0]:   File "/workspace/jobs/dm_nfnet_f0/nfnet_64_large.py", line 166, in forward
[rank0]:     x = self.stages(x)
[rank0]:         ^^^^^^^^^^^^^^
[rank0]:   File "/venv/main/lib/python3.12/site-packages/torch/nn/modules/module.py", line 1776, in _wrapped_call_impl
[rank0]:     return self._call_impl(*args, **kwargs)
[rank0]:            ^^^^^^^^^^^^^^^^^^^^^^^^^^^^^^^^
[rank0]:   File "/venv/main/lib/python3.12/site-packages/torch/nn/modules/module.py", line 1787, in _call_impl
[rank0]:     return forward_call(*args, **kwargs)
[rank0]:            ^^^^^^^^^^^^^^^^^^^^^^^^^^^^^
[rank0]:   File "/venv/main/lib/python3.12/site-packages/torch/nn/modules/container.py", line 253, in forward
[rank0]:     input = module(input)
[rank0]:             ^^^^^^^^^^^^^
[rank0]:   File "/venv/main/lib/python3.12/site-packages/torch/nn/modules/module.py", line 1776, in _wrapped_call_impl
[rank0]:     return self._call_impl(*args, **kwargs)
[rank0]:            ^^^^^^^^^^^^^^^^^^^^^^^^^^^^^^^^
[rank0]:   File "/venv/main/lib/python3.12/site-packages/torch/nn/modules/module.py", line 1787, in _call_impl
[rank0]:     return forward_call(*args, **kwargs)
[rank0]:            ^^^^^^^^^^^^^^^^^^^^^^^^^^^^^
[rank0]:   File "/venv/main/lib/python3.12/site-packages/torch/nn/modules/container.py", line 253, in forward
[rank0]:     input = module(input)
[rank0]:             ^^^^^^^^^^^^^
[rank0]:   File "/venv/main/lib/python3.12/site-packages/torch/nn/modules/module.py", line 1776, in _wrapped_call_impl
[rank0]:     return self._call_impl(*args, **kwargs)
[rank0]:            ^^^^^^^^^^^^^^^^^^^^^^^^^^^^^^^^
[rank0]:   File "/venv/main/lib/python3.12/site-packages/torch/nn/modules/module.py", line 1787, in _call_impl
[rank0]:     return forward_call(*args, **kwargs)
[rank0]:            ^^^^^^^^^^^^^^^^^^^^^^^^^^^^^
[rank0]:   File "/workspace/jobs/dm_nfnet_f0/nfnet_64_large.py", line 99, in forward
[rank0]:     out = self.conv3(out)
[rank0]:           ^^^^^^^^^^^^^^^
[rank0]:   File "/venv/main/lib/python3.12/site-packages/torch/nn/modules/module.py", line 1776, in _wrapped_call_impl
[rank0]:     return self._call_impl(*args, **kwargs)
[rank0]:            ^^^^^^^^^^^^^^^^^^^^^^^^^^^^^^^^
[rank0]:   File "/venv/main/lib/python3.12/site-packages/torch/nn/modules/module.py", line 1787, in _call_impl
[rank0]:     return forward_call(*args, **kwargs)
[rank0]:            ^^^^^^^^^^^^^^^^^^^^^^^^^^^^^
[rank0]:   File "/workspace/jobs/dm_nfnet_f0/nfnet_64_large.py", line 40, in forward
[rank0]:     return F.conv2d(x, weight, self.bias, self.stride, self.padding, self.dilation, self.groups)
[rank0]:            ^^^^^^^^^^^^^^^^^^^^^^^^^^^^^^^^^^^^^^^^^^^^^^^^^^^^^^^^^^^^^^^^^^^^^^^^^^^^^^^^^^^^^
[rank0]: torch.OutOfMemoryError: CUDA out of memory. Tried to allocate 12.00 MiB. GPU 0 has a total capacity of 11.63 GiB of which 12.75 MiB is free. Process 1651537 has 11.61 GiB memory in use. Of the allocated memory 11.37 GiB is allocated by PyTorch, and 31.27 MiB is reserved by PyTorch but unallocated. If reserved but unallocated memory is large try setting PYTORCH_ALLOC_CONF=expandable_segments:True to avoid fragmentation.  See documentation for Memory Management  (https://pytorch.org/docs/stable/notes/cuda.html#environment-variables)
[rank1]: Traceback (most recent call last):
[rank1]:   File "/workspace/jobs/dm_nfnet_f0/nfnet_64_large.py", line 220, in <module>
[rank1]:     if __name__ == "__main__": main()
[rank1]:                                ^^^^^^
[rank1]:   File "/workspace/jobs/dm_nfnet_f0/nfnet_64_large.py", line 208, in main
[rank1]:     out = model(imgs)
[rank1]:           ^^^^^^^^^^^
[rank1]:   File "/venv/main/lib/python3.12/site-packages/torch/nn/modules/module.py", line 1776, in _wrapped_call_impl
[rank1]:     return self._call_impl(*args, **kwargs)
[rank1]:            ^^^^^^^^^^^^^^^^^^^^^^^^^^^^^^^^
[rank1]:   File "/venv/main/lib/python3.12/site-packages/torch/nn/modules/module.py", line 1787, in _call_impl
[rank1]:     return forward_call(*args, **kwargs)
[rank1]:            ^^^^^^^^^^^^^^^^^^^^^^^^^^^^^
[rank1]:   File "/venv/main/lib/python3.12/site-packages/torch/nn/parallel/distributed.py", line 1666, in forward
[rank1]:     else self._run_ddp_forward(*inputs, **kwargs)
[rank1]:          ^^^^^^^^^^^^^^^^^^^^^^^^^^^^^^^^^^^^^^^^
[rank1]:   File "/venv/main/lib/python3.12/site-packages/torch/nn/parallel/distributed.py", line 1492, in _run_ddp_forward
[rank1]:     return self.module(*inputs, **kwargs)  # type: ignore[index]
[rank1]:            ^^^^^^^^^^^^^^^^^^^^^^^^^^^^^^
[rank1]:   File "/venv/main/lib/python3.12/site-packages/torch/nn/modules/module.py", line 1776, in _wrapped_call_impl
[rank1]:     return self._call_impl(*args, **kwargs)
[rank1]:            ^^^^^^^^^^^^^^^^^^^^^^^^^^^^^^^^
[rank1]:   File "/venv/main/lib/python3.12/site-packages/torch/nn/modules/module.py", line 1787, in _call_impl
[rank1]:     return forward_call(*args, **kwargs)
[rank1]:            ^^^^^^^^^^^^^^^^^^^^^^^^^^^^^
[rank1]:   File "/workspace/jobs/dm_nfnet_f0/nfnet_64_large.py", line 166, in forward
[rank1]:     x = self.stages(x)
[rank1]:         ^^^^^^^^^^^^^^
[rank1]:   File "/venv/main/lib/python3.12/site-packages/torch/nn/modules/module.py", line 1776, in _wrapped_call_impl
[rank1]:     return self._call_impl(*args, **kwargs)
[rank1]:            ^^^^^^^^^^^^^^^^^^^^^^^^^^^^^^^^
[rank1]:   File "/venv/main/lib/python3.12/site-packages/torch/nn/modules/module.py", line 1787, in _call_impl
[rank1]:     return forward_call(*args, **kwargs)
[rank1]:            ^^^^^^^^^^^^^^^^^^^^^^^^^^^^^
[rank1]:   File "/venv/main/lib/python3.12/site-packages/torch/nn/modules/container.py", line 253, in forward
[rank1]:     input = module(input)
[rank1]:             ^^^^^^^^^^^^^
[rank1]:   File "/venv/main/lib/python3.12/site-packages/torch/nn/modules/module.py", line 1776, in _wrapped_call_impl
[rank1]:     return self._call_impl(*args, **kwargs)
[rank1]:            ^^^^^^^^^^^^^^^^^^^^^^^^^^^^^^^^
[rank1]:   File "/venv/main/lib/python3.12/site-packages/torch/nn/modules/module.py", line 1787, in _call_impl
[rank1]:     return forward_call(*args, **kwargs)
[rank1]:            ^^^^^^^^^^^^^^^^^^^^^^^^^^^^^
[rank1]:   File "/venv/main/lib/python3.12/site-packages/torch/nn/modules/container.py", line 253, in forward
[rank1]:     input = module(input)
[rank1]:             ^^^^^^^^^^^^^
[rank1]:   File "/venv/main/lib/python3.12/site-packages/torch/nn/modules/module.py", line 1776, in _wrapped_call_impl
[rank1]:     return self._call_impl(*args, **kwargs)
[rank1]:            ^^^^^^^^^^^^^^^^^^^^^^^^^^^^^^^^
[rank1]:   File "/venv/main/lib/python3.12/site-packages/torch/nn/modules/module.py", line 1787, in _call_impl
[rank1]:     return forward_call(*args, **kwargs)
[rank1]:            ^^^^^^^^^^^^^^^^^^^^^^^^^^^^^
[rank1]:   File "/workspace/jobs/dm_nfnet_f0/nfnet_64_large.py", line 99, in forward
[rank1]:     out = self.conv3(out)
[rank1]:           ^^^^^^^^^^^^^^^
[rank1]:   File "/venv/main/lib/python3.12/site-packages/torch/nn/modules/module.py", line 1776, in _wrapped_call_impl
[rank1]:     return self._call_impl(*args, **kwargs)
[rank1]:            ^^^^^^^^^^^^^^^^^^^^^^^^^^^^^^^^
[rank1]:   File "/venv/main/lib/python3.12/site-packages/torch/nn/modules/module.py", line 1787, in _call_impl
[rank1]:     return forward_call(*args, **kwargs)
[rank1]:            ^^^^^^^^^^^^^^^^^^^^^^^^^^^^^
[rank1]:   File "/workspace/jobs/dm_nfnet_f0/nfnet_64_large.py", line 40, in forward
[rank1]:     return F.conv2d(x, weight, self.bias, self.stride, self.padding, self.dilation, self.groups)
[rank1]:            ^^^^^^^^^^^^^^^^^^^^^^^^^^^^^^^^^^^^^^^^^^^^^^^^^^^^^^^^^^^^^^^^^^^^^^^^^^^^^^^^^^^^^
[rank1]: torch.OutOfMemoryError: CUDA out of memory. Tried to allocate 12.00 MiB. GPU 1 has a total capacity of 11.63 GiB of which 12.75 MiB is free. Process 1651538 has 11.61 GiB memory in use. Of the allocated memory 11.37 GiB is allocated by PyTorch, and 31.27 MiB is reserved by PyTorch but unallocated. If reserved but unallocated memory is large try setting PYTORCH_ALLOC_CONF=expandable_segments:True to avoid fragmentation.  See documentation for Memory Management  (https://pytorch.org/docs/stable/notes/cuda.html#environment-variables)
[rank5]: Traceback (most recent call last):
[rank5]:   File "/workspace/jobs/dm_nfnet_f0/nfnet_64_large.py", line 220, in <module>
[rank5]:     if __name__ == "__main__": main()
[rank5]:                                ^^^^^^
[rank5]:   File "/workspace/jobs/dm_nfnet_f0/nfnet_64_large.py", line 208, in main
[rank5]:     out = model(imgs)
[rank5]:           ^^^^^^^^^^^
[rank5]:   File "/venv/main/lib/python3.12/site-packages/torch/nn/modules/module.py", line 1776, in _wrapped_call_impl
[rank5]:     return self._call_impl(*args, **kwargs)
[rank5]:            ^^^^^^^^^^^^^^^^^^^^^^^^^^^^^^^^
[rank5]:   File "/venv/main/lib/python3.12/site-packages/torch/nn/modules/module.py", line 1787, in _call_impl
[rank5]:     return forward_call(*args, **kwargs)
[rank5]:            ^^^^^^^^^^^^^^^^^^^^^^^^^^^^^
[rank5]:   File "/venv/main/lib/python3.12/site-packages/torch/nn/parallel/distributed.py", line 1666, in forward
[rank5]:     else self._run_ddp_forward(*inputs, **kwargs)
[rank5]:          ^^^^^^^^^^^^^^^^^^^^^^^^^^^^^^^^^^^^^^^^
[rank5]:   File "/venv/main/lib/python3.12/site-packages/torch/nn/parallel/distributed.py", line 1492, in _run_ddp_forward
[rank5]:     return self.module(*inputs, **kwargs)  # type: ignore[index]
[rank5]:            ^^^^^^^^^^^^^^^^^^^^^^^^^^^^^^
[rank5]:   File "/venv/main/lib/python3.12/site-packages/torch/nn/modules/module.py", line 1776, in _wrapped_call_impl
[rank5]:     return self._call_impl(*args, **kwargs)
[rank5]:            ^^^^^^^^^^^^^^^^^^^^^^^^^^^^^^^^
[rank5]:   File "/venv/main/lib/python3.12/site-packages/torch/nn/modules/module.py", line 1787, in _call_impl
[rank5]:     return forward_call(*args, **kwargs)
[rank5]:            ^^^^^^^^^^^^^^^^^^^^^^^^^^^^^
[rank5]:   File "/workspace/jobs/dm_nfnet_f0/nfnet_64_large.py", line 166, in forward
[rank5]:     x = self.stages(x)
[rank5]:         ^^^^^^^^^^^^^^
[rank5]:   File "/venv/main/lib/python3.12/site-packages/torch/nn/modules/module.py", line 1776, in _wrapped_call_impl
[rank5]:     return self._call_impl(*args, **kwargs)
[rank5]:            ^^^^^^^^^^^^^^^^^^^^^^^^^^^^^^^^
[rank5]:   File "/venv/main/lib/python3.12/site-packages/torch/nn/modules/module.py", line 1787, in _call_impl
[rank5]:     return forward_call(*args, **kwargs)
[rank5]:            ^^^^^^^^^^^^^^^^^^^^^^^^^^^^^
[rank5]:   File "/venv/main/lib/python3.12/site-packages/torch/nn/modules/container.py", line 253, in forward
[rank5]:     input = module(input)
[rank5]:             ^^^^^^^^^^^^^
[rank5]:   File "/venv/main/lib/python3.12/site-packages/torch/nn/modules/module.py", line 1776, in _wrapped_call_impl
[rank5]:     return self._call_impl(*args, **kwargs)
[rank5]:            ^^^^^^^^^^^^^^^^^^^^^^^^^^^^^^^^
[rank5]:   File "/venv/main/lib/python3.12/site-packages/torch/nn/modules/module.py", line 1787, in _call_impl
[rank5]:     return forward_call(*args, **kwargs)
[rank5]:            ^^^^^^^^^^^^^^^^^^^^^^^^^^^^^
[rank5]:   File "/venv/main/lib/python3.12/site-packages/torch/nn/modules/container.py", line 253, in forward
[rank5]:     input = module(input)
[rank5]:             ^^^^^^^^^^^^^
[rank5]:   File "/venv/main/lib/python3.12/site-packages/torch/nn/modules/module.py", line 1776, in _wrapped_call_impl
[rank5]:     return self._call_impl(*args, **kwargs)
[rank5]:            ^^^^^^^^^^^^^^^^^^^^^^^^^^^^^^^^
[rank5]:   File "/venv/main/lib/python3.12/site-packages/torch/nn/modules/module.py", line 1787, in _call_impl
[rank5]:     return forward_call(*args, **kwargs)
[rank5]:            ^^^^^^^^^^^^^^^^^^^^^^^^^^^^^
[rank5]:   File "/workspace/jobs/dm_nfnet_f0/nfnet_64_large.py", line 99, in forward
[rank5]:     out = self.conv3(out)
[rank5]:           ^^^^^^^^^^^^^^^
[rank5]:   File "/venv/main/lib/python3.12/site-packages/torch/nn/modules/module.py", line 1776, in _wrapped_call_impl
[rank5]:     return self._call_impl(*args, **kwargs)
[rank5]:            ^^^^^^^^^^^^^^^^^^^^^^^^^^^^^^^^
[rank5]:   File "/venv/main/lib/python3.12/site-packages/torch/nn/modules/module.py", line 1787, in _call_impl
[rank5]:     return forward_call(*args, **kwargs)
[rank5]:            ^^^^^^^^^^^^^^^^^^^^^^^^^^^^^
[rank5]:   File "/workspace/jobs/dm_nfnet_f0/nfnet_64_large.py", line 40, in forward
[rank5]:     return F.conv2d(x, weight, self.bias, self.stride, self.padding, self.dilation, self.groups)
[rank5]:            ^^^^^^^^^^^^^^^^^^^^^^^^^^^^^^^^^^^^^^^^^^^^^^^^^^^^^^^^^^^^^^^^^^^^^^^^^^^^^^^^^^^^^
[rank5]: torch.OutOfMemoryError: CUDA out of memory. Tried to allocate 12.00 MiB. GPU 5 has a total capacity of 11.63 GiB of which 12.75 MiB is free. Process 1651542 has 11.61 GiB memory in use. Of the allocated memory 11.37 GiB is allocated by PyTorch, and 31.27 MiB is reserved by PyTorch but unallocated. If reserved but unallocated memory is large try setting PYTORCH_ALLOC_CONF=expandable_segments:True to avoid fragmentation.  See documentation for Memory Management  (https://pytorch.org/docs/stable/notes/cuda.html#environment-variables)
[rank2]: Traceback (most recent call last):
[rank2]:   File "/workspace/jobs/dm_nfnet_f0/nfnet_64_large.py", line 220, in <module>
[rank2]:     if __name__ == "__main__": main()
[rank2]:                                ^^^^^^
[rank2]:   File "/workspace/jobs/dm_nfnet_f0/nfnet_64_large.py", line 208, in main
[rank2]:     out = model(imgs)
[rank2]:           ^^^^^^^^^^^
[rank2]:   File "/venv/main/lib/python3.12/site-packages/torch/nn/modules/module.py", line 1776, in _wrapped_call_impl
[rank2]:     return self._call_impl(*args, **kwargs)
[rank2]:            ^^^^^^^^^^^^^^^^^^^^^^^^^^^^^^^^
[rank2]:   File "/venv/main/lib/python3.12/site-packages/torch/nn/modules/module.py", line 1787, in _call_impl
[rank2]:     return forward_call(*args, **kwargs)
[rank2]:            ^^^^^^^^^^^^^^^^^^^^^^^^^^^^^
[rank2]:   File "/venv/main/lib/python3.12/site-packages/torch/nn/parallel/distributed.py", line 1666, in forward
[rank2]:     else self._run_ddp_forward(*inputs, **kwargs)
[rank2]:          ^^^^^^^^^^^^^^^^^^^^^^^^^^^^^^^^^^^^^^^^
[rank2]:   File "/venv/main/lib/python3.12/site-packages/torch/nn/parallel/distributed.py", line 1492, in _run_ddp_forward
[rank2]:     return self.module(*inputs, **kwargs)  # type: ignore[index]
[rank2]:            ^^^^^^^^^^^^^^^^^^^^^^^^^^^^^^
[rank2]:   File "/venv/main/lib/python3.12/site-packages/torch/nn/modules/module.py", line 1776, in _wrapped_call_impl
[rank2]:     return self._call_impl(*args, **kwargs)
[rank2]:            ^^^^^^^^^^^^^^^^^^^^^^^^^^^^^^^^
[rank2]:   File "/venv/main/lib/python3.12/site-packages/torch/nn/modules/module.py", line 1787, in _call_impl
[rank2]:     return forward_call(*args, **kwargs)
[rank2]:            ^^^^^^^^^^^^^^^^^^^^^^^^^^^^^
[rank2]:   File "/workspace/jobs/dm_nfnet_f0/nfnet_64_large.py", line 166, in forward
[rank2]:     x = self.stages(x)
[rank2]:         ^^^^^^^^^^^^^^
[rank2]:   File "/venv/main/lib/python3.12/site-packages/torch/nn/modules/module.py", line 1776, in _wrapped_call_impl
[rank2]:     return self._call_impl(*args, **kwargs)
[rank2]:            ^^^^^^^^^^^^^^^^^^^^^^^^^^^^^^^^
[rank2]:   File "/venv/main/lib/python3.12/site-packages/torch/nn/modules/module.py", line 1787, in _call_impl
[rank2]:     return forward_call(*args, **kwargs)
[rank2]:            ^^^^^^^^^^^^^^^^^^^^^^^^^^^^^
[rank2]:   File "/venv/main/lib/python3.12/site-packages/torch/nn/modules/container.py", line 253, in forward
[rank2]:     input = module(input)
[rank2]:             ^^^^^^^^^^^^^
[rank2]:   File "/venv/main/lib/python3.12/site-packages/torch/nn/modules/module.py", line 1776, in _wrapped_call_impl
[rank2]:     return self._call_impl(*args, **kwargs)
[rank2]:            ^^^^^^^^^^^^^^^^^^^^^^^^^^^^^^^^
[rank2]:   File "/venv/main/lib/python3.12/site-packages/torch/nn/modules/module.py", line 1787, in _call_impl
[rank2]:     return forward_call(*args, **kwargs)
[rank2]:            ^^^^^^^^^^^^^^^^^^^^^^^^^^^^^
[rank2]:   File "/venv/main/lib/python3.12/site-packages/torch/nn/modules/container.py", line 253, in forward
[rank2]:     input = module(input)
[rank2]:             ^^^^^^^^^^^^^
[rank2]:   File "/venv/main/lib/python3.12/site-packages/torch/nn/modules/module.py", line 1776, in _wrapped_call_impl
[rank2]:     return self._call_impl(*args, **kwargs)
[rank2]:            ^^^^^^^^^^^^^^^^^^^^^^^^^^^^^^^^
[rank2]:   File "/venv/main/lib/python3.12/site-packages/torch/nn/modules/module.py", line 1787, in _call_impl
[rank2]:     return forward_call(*args, **kwargs)
[rank2]:            ^^^^^^^^^^^^^^^^^^^^^^^^^^^^^
[rank2]:   File "/workspace/jobs/dm_nfnet_f0/nfnet_64_large.py", line 99, in forward
[rank2]:     out = self.conv3(out)
[rank2]:           ^^^^^^^^^^^^^^^
[rank2]:   File "/venv/main/lib/python3.12/site-packages/torch/nn/modules/module.py", line 1776, in _wrapped_call_impl
[rank2]:     return self._call_impl(*args, **kwargs)
[rank2]:            ^^^^^^^^^^^^^^^^^^^^^^^^^^^^^^^^
[rank2]:   File "/venv/main/lib/python3.12/site-packages/torch/nn/modules/module.py", line 1787, in _call_impl
[rank2]:     return forward_call(*args, **kwargs)
[rank2]:            ^^^^^^^^^^^^^^^^^^^^^^^^^^^^^
[rank2]:   File "/workspace/jobs/dm_nfnet_f0/nfnet_64_large.py", line 40, in forward
[rank2]:     return F.conv2d(x, weight, self.bias, self.stride, self.padding, self.dilation, self.groups)
[rank2]:            ^^^^^^^^^^^^^^^^^^^^^^^^^^^^^^^^^^^^^^^^^^^^^^^^^^^^^^^^^^^^^^^^^^^^^^^^^^^^^^^^^^^^^
[rank2]: torch.OutOfMemoryError: CUDA out of memory. Tried to allocate 12.00 MiB. GPU 2 has a total capacity of 11.63 GiB of which 12.75 MiB is free. Process 1651539 has 11.61 GiB memory in use. Of the allocated memory 11.37 GiB is allocated by PyTorch, and 31.27 MiB is reserved by PyTorch but unallocated. If reserved but unallocated memory is large try setting PYTORCH_ALLOC_CONF=expandable_segments:True to avoid fragmentation.  See documentation for Memory Management  (https://pytorch.org/docs/stable/notes/cuda.html#environment-variables)
[rank3]: Traceback (most recent call last):
[rank3]:   File "/workspace/jobs/dm_nfnet_f0/nfnet_64_large.py", line 220, in <module>
[rank3]:     if __name__ == "__main__": main()
[rank3]:                                ^^^^^^
[rank3]:   File "/workspace/jobs/dm_nfnet_f0/nfnet_64_large.py", line 208, in main
[rank3]:     out = model(imgs)
[rank3]:           ^^^^^^^^^^^
[rank3]:   File "/venv/main/lib/python3.12/site-packages/torch/nn/modules/module.py", line 1776, in _wrapped_call_impl
[rank3]:     return self._call_impl(*args, **kwargs)
[rank3]:            ^^^^^^^^^^^^^^^^^^^^^^^^^^^^^^^^
[rank3]:   File "/venv/main/lib/python3.12/site-packages/torch/nn/modules/module.py", line 1787, in _call_impl
[rank3]:     return forward_call(*args, **kwargs)
[rank3]:            ^^^^^^^^^^^^^^^^^^^^^^^^^^^^^
[rank3]:   File "/venv/main/lib/python3.12/site-packages/torch/nn/parallel/distributed.py", line 1666, in forward
[rank3]:     else self._run_ddp_forward(*inputs, **kwargs)
[rank3]:          ^^^^^^^^^^^^^^^^^^^^^^^^^^^^^^^^^^^^^^^^
[rank3]:   File "/venv/main/lib/python3.12/site-packages/torch/nn/parallel/distributed.py", line 1492, in _run_ddp_forward
[rank3]:     return self.module(*inputs, **kwargs)  # type: ignore[index]
[rank3]:            ^^^^^^^^^^^^^^^^^^^^^^^^^^^^^^
[rank3]:   File "/venv/main/lib/python3.12/site-packages/torch/nn/modules/module.py", line 1776, in _wrapped_call_impl
[rank3]:     return self._call_impl(*args, **kwargs)
[rank3]:            ^^^^^^^^^^^^^^^^^^^^^^^^^^^^^^^^
[rank3]:   File "/venv/main/lib/python3.12/site-packages/torch/nn/modules/module.py", line 1787, in _call_impl
[rank3]:     return forward_call(*args, **kwargs)
[rank3]:            ^^^^^^^^^^^^^^^^^^^^^^^^^^^^^
[rank3]:   File "/workspace/jobs/dm_nfnet_f0/nfnet_64_large.py", line 166, in forward
[rank3]:     x = self.stages(x)
[rank3]:         ^^^^^^^^^^^^^^
[rank3]:   File "/venv/main/lib/python3.12/site-packages/torch/nn/modules/module.py", line 1776, in _wrapped_call_impl
[rank3]:     return self._call_impl(*args, **kwargs)
[rank3]:            ^^^^^^^^^^^^^^^^^^^^^^^^^^^^^^^^
[rank3]:   File "/venv/main/lib/python3.12/site-packages/torch/nn/modules/module.py", line 1787, in _call_impl
[rank3]:     return forward_call(*args, **kwargs)
[rank3]:            ^^^^^^^^^^^^^^^^^^^^^^^^^^^^^
[rank3]:   File "/venv/main/lib/python3.12/site-packages/torch/nn/modules/container.py", line 253, in forward
[rank3]:     input = module(input)
[rank3]:             ^^^^^^^^^^^^^
[rank3]:   File "/venv/main/lib/python3.12/site-packages/torch/nn/modules/module.py", line 1776, in _wrapped_call_impl
[rank3]:     return self._call_impl(*args, **kwargs)
[rank3]:            ^^^^^^^^^^^^^^^^^^^^^^^^^^^^^^^^
[rank3]:   File "/venv/main/lib/python3.12/site-packages/torch/nn/modules/module.py", line 1787, in _call_impl
[rank3]:     return forward_call(*args, **kwargs)
[rank3]:            ^^^^^^^^^^^^^^^^^^^^^^^^^^^^^
[rank3]:   File "/venv/main/lib/python3.12/site-packages/torch/nn/modules/container.py", line 253, in forward
[rank3]:     input = module(input)
[rank3]:             ^^^^^^^^^^^^^
[rank3]:   File "/venv/main/lib/python3.12/site-packages/torch/nn/modules/module.py", line 1776, in _wrapped_call_impl
[rank3]:     return self._call_impl(*args, **kwargs)
[rank3]:            ^^^^^^^^^^^^^^^^^^^^^^^^^^^^^^^^
[rank3]:   File "/venv/main/lib/python3.12/site-packages/torch/nn/modules/module.py", line 1787, in _call_impl
[rank3]:     return forward_call(*args, **kwargs)
[rank3]:            ^^^^^^^^^^^^^^^^^^^^^^^^^^^^^
[rank3]:   File "/workspace/jobs/dm_nfnet_f0/nfnet_64_large.py", line 99, in forward
[rank3]:     out = self.conv3(out)
[rank3]:           ^^^^^^^^^^^^^^^
[rank3]:   File "/venv/main/lib/python3.12/site-packages/torch/nn/modules/module.py", line 1776, in _wrapped_call_impl
[rank3]:     return self._call_impl(*args, **kwargs)
[rank3]:            ^^^^^^^^^^^^^^^^^^^^^^^^^^^^^^^^
[rank3]:   File "/venv/main/lib/python3.12/site-packages/torch/nn/modules/module.py", line 1787, in _call_impl
[rank3]:     return forward_call(*args, **kwargs)
[rank3]:            ^^^^^^^^^^^^^^^^^^^^^^^^^^^^^
[rank3]:   File "/workspace/jobs/dm_nfnet_f0/nfnet_64_large.py", line 40, in forward
[rank3]:     return F.conv2d(x, weight, self.bias, self.stride, self.padding, self.dilation, self.groups)
[rank3]:            ^^^^^^^^^^^^^^^^^^^^^^^^^^^^^^^^^^^^^^^^^^^^^^^^^^^^^^^^^^^^^^^^^^^^^^^^^^^^^^^^^^^^^
[rank3]: torch.OutOfMemoryError: CUDA out of memory. Tried to allocate 12.00 MiB. GPU 3 has a total capacity of 11.63 GiB of which 12.75 MiB is free. Process 1651540 has 11.61 GiB memory in use. Of the allocated memory 11.37 GiB is allocated by PyTorch, and 31.27 MiB is reserved by PyTorch but unallocated. If reserved but unallocated memory is large try setting PYTORCH_ALLOC_CONF=expandable_segments:True to avoid fragmentation.  See documentation for Memory Management  (https://pytorch.org/docs/stable/notes/cuda.html#environment-variables)
[rank0]:[W412 20:32:07.733821437 ProcessGroupNCCL.cpp:1553] Warning: WARNING: destroy_process_group() was not called before program exit, which can leak resources. For more info, please see https://pytorch.org/docs/stable/distributed.html#shutdown (function operator())
W0412 20:32:09.101000 210084 site-packages/torch/distributed/elastic/multiprocessing/api.py:1010] Sending process 210154 closing signal SIGTERM
W0412 20:32:09.102000 210084 site-packages/torch/distributed/elastic/multiprocessing/api.py:1010] Sending process 210156 closing signal SIGTERM
W0412 20:32:09.103000 210084 site-packages/torch/distributed/elastic/multiprocessing/api.py:1010] Sending process 210158 closing signal SIGTERM
E0412 20:32:09.369000 210084 site-packages/torch/distributed/elastic/multiprocessing/api.py:984] failed (exitcode: 1) local_rank: 0 (pid: 210153) of binary: /venv/main/bin/python3
Traceback (most recent call last):
  File "/venv/main/bin/torchrun", line 10, in <module>
    sys.exit(main())
             ^^^^^^
  File "/venv/main/lib/python3.12/site-packages/torch/distributed/elastic/multiprocessing/errors/__init__.py", line 362, in wrapper
    return f(*args, **kwargs)
           ^^^^^^^^^^^^^^^^^^
  File "/venv/main/lib/python3.12/site-packages/torch/distributed/run.py", line 991, in main
    run(args)
  File "/venv/main/lib/python3.12/site-packages/torch/distributed/run.py", line 982, in run
    elastic_launch(
  File "/venv/main/lib/python3.12/site-packages/torch/distributed/launcher/api.py", line 170, in __call__
    return launch_agent(self._config, self._entrypoint, list(args))
           ^^^^^^^^^^^^^^^^^^^^^^^^^^^^^^^^^^^^^^^^^^^^^^^^^^^^^^^^
  File "/venv/main/lib/python3.12/site-packages/torch/distributed/launcher/api.py", line 317, in launch_agent
    raise ChildFailedError(
torch.distributed.elastic.multiprocessing.errors.ChildFailedError: 
============================================================
/workspace/jobs/dm_nfnet_f0/nfnet_64_large.py FAILED
------------------------------------------------------------
Failures:
[1]:
  time      : 2026-04-12_20:32:09
  host      : 72d3b753fbb9
  rank      : 2 (local_rank: 2)
  exitcode  : 1 (pid: 210155)
  error_file: <N/A>
  traceback : To enable traceback see: https://pytorch.org/docs/stable/elastic/errors.html
[2]:
  time      : 2026-04-12_20:32:09
  host      : 72d3b753fbb9
  rank      : 4 (local_rank: 4)
  exitcode  : 1 (pid: 210157)
  error_file: <N/A>
  traceback : To enable traceback see: https://pytorch.org/docs/stable/elastic/errors.html
[3]:
  time      : 2026-04-12_20:32:09
  host      : 72d3b753fbb9
  rank      : 6 (local_rank: 6)
  exitcode  : 1 (pid: 210159)
  error_file: <N/A>
  traceback : To enable traceback see: https://pytorch.org/docs/stable/elastic/errors.html
[4]:
  time      : 2026-04-12_20:32:09
  host      : 72d3b753fbb9
  rank      : 7 (local_rank: 7)
  exitcode  : 1 (pid: 210160)
  error_file: <N/A>
  traceback : To enable traceback see: https://pytorch.org/docs/stable/elastic/errors.html
[5]:
  time      : 2026-04-12_20:32:09
  host      : 72d3b753fbb9
  rank      : 1 (local_rank: 1)
  exitcode  : 1 (pid: 210154)
  error_file: <N/A>
  traceback : To enable traceback see: https://pytorch.org/docs/stable/elastic/errors.html
[6]:
  time      : 2026-04-12_20:32:09
  host      : 72d3b753fbb9
  rank      : 3 (local_rank: 3)
  exitcode  : 1 (pid: 210156)
  error_file: <N/A>
  traceback : To enable traceback see: https://pytorch.org/docs/stable/elastic/errors.html
[7]:
  time      : 2026-04-12_20:32:09
  host      : 72d3b753fbb9
  rank      : 5 (local_rank: 5)
  exitcode  : 1 (pid: 210158)
  error_file: <N/A>
  traceback : To enable traceback see: https://pytorch.org/docs/stable/elastic/errors.html
------------------------------------------------------------
Root Cause (first observed failure):
[0]:
  time      : 2026-04-12_20:32:09
  host      : 72d3b753fbb9
  rank      : 0 (local_rank: 0)
  exitcode  : 1 (pid: 210153)
  error_file: <N/A>
  traceback : To enable traceback see: https://pytorch.org/docs/stable/elastic/errors.html
============================================================
