W0413 19:47:15.063000 286320 site-packages/torch/distributed/run.py:852] 
W0413 19:47:15.063000 286320 site-packages/torch/distributed/run.py:852] *****************************************
W0413 19:47:15.063000 286320 site-packages/torch/distributed/run.py:852] Setting OMP_NUM_THREADS environment variable for each process to be 1 in default, to avoid your system being overloaded, please further tune the variable for optimal performance in your application as needed. 
W0413 19:47:15.063000 286320 site-packages/torch/distributed/run.py:852] *****************************************
###FEATURES###
{"model_type": "diffusion_unet", "batch_size": 2, "param_count": 60284548}
###END_FEATURES###
sd_2_small | GPUs:2 | Batch:2 | Params:60,284,548
[rank1]: Traceback (most recent call last):
[rank1]:   File "/workspace/jobs/stable_diffusion/sd_2_small.py", line 145, in <module>
[rank1]:     if __name__ == "__main__": main()
[rank1]:                                ^^^^^^
[rank1]:   File "/workspace/jobs/stable_diffusion/sd_2_small.py", line 136, in main
[rank1]:     optim.zero_grad(); mse(model(lat + noise * t[:, None, None, None], t, ctx), noise).backward(); optim.step()
[rank1]:                            ^^^^^^^^^^^^^^^^^^^^^^^^^^^^^^^^^^^^^^^^^^^^^^^^^^^
[rank1]:   File "/venv/main/lib/python3.12/site-packages/torch/nn/modules/module.py", line 1776, in _wrapped_call_impl
[rank1]:     return self._call_impl(*args, **kwargs)
[rank1]:            ^^^^^^^^^^^^^^^^^^^^^^^^^^^^^^^^
[rank1]:   File "/venv/main/lib/python3.12/site-packages/torch/nn/modules/module.py", line 1787, in _call_impl
[rank1]:     return forward_call(*args, **kwargs)
[rank1]:            ^^^^^^^^^^^^^^^^^^^^^^^^^^^^^
[rank1]:   File "/venv/main/lib/python3.12/site-packages/torch/nn/parallel/distributed.py", line 1666, in forward
[rank1]:     else self._run_ddp_forward(*inputs, **kwargs)
[rank1]:          ^^^^^^^^^^^^^^^^^^^^^^^^^^^^^^^^^^^^^^^^
[rank1]:   File "/venv/main/lib/python3.12/site-packages/torch/nn/parallel/distributed.py", line 1492, in _run_ddp_forward
[rank1]:     return self.module(*inputs, **kwargs)  # type: ignore[index]
[rank1]:            ^^^^^^^^^^^^^^^^^^^^^^^^^^^^^^
[rank1]:   File "/venv/main/lib/python3.12/site-packages/torch/nn/modules/module.py", line 1776, in _wrapped_call_impl
[rank1]:     return self._call_impl(*args, **kwargs)
[rank1]:            ^^^^^^^^^^^^^^^^^^^^^^^^^^^^^^^^
[rank1]:   File "/venv/main/lib/python3.12/site-packages/torch/nn/modules/module.py", line 1787, in _call_impl
[rank1]:     return forward_call(*args, **kwargs)
[rank1]:            ^^^^^^^^^^^^^^^^^^^^^^^^^^^^^
[rank1]:   File "/workspace/jobs/stable_diffusion/sd_2_small.py", line 105, in forward
[rank1]:     for u in self.ups: x = u(x, skips, t_emb, ctx)
[rank1]:                            ^^^^^^^^^^^^^^^^^^^^^^^
[rank1]:   File "/venv/main/lib/python3.12/site-packages/torch/nn/modules/module.py", line 1776, in _wrapped_call_impl
[rank1]:     return self._call_impl(*args, **kwargs)
[rank1]:            ^^^^^^^^^^^^^^^^^^^^^^^^^^^^^^^^
[rank1]:   File "/venv/main/lib/python3.12/site-packages/torch/nn/modules/module.py", line 1787, in _call_impl
[rank1]:     return forward_call(*args, **kwargs)
[rank1]:            ^^^^^^^^^^^^^^^^^^^^^^^^^^^^^
[rank1]:   File "/workspace/jobs/stable_diffusion/sd_2_small.py", line 78, in forward
[rank1]:     for r, a in zip(self.res, self.attn): x = r(torch.cat([x, skips.pop()], 1), t); x = a(x, ctx) if not isinstance(a, nn.Identity) else x
[rank1]:                                                 ^^^^^^^^^^^^^^^^^^^^^^^^^^^^^^
[rank1]: RuntimeError: Sizes of tensors must match except in dimension 1. Expected size 16 but got size 8 for tensor number 1 in the list.
[rank0]: Traceback (most recent call last):
[rank0]:   File "/workspace/jobs/stable_diffusion/sd_2_small.py", line 145, in <module>
[rank0]:     if __name__ == "__main__": main()
[rank0]:                                ^^^^^^
[rank0]:   File "/workspace/jobs/stable_diffusion/sd_2_small.py", line 136, in main
[rank0]:     optim.zero_grad(); mse(model(lat + noise * t[:, None, None, None], t, ctx), noise).backward(); optim.step()
[rank0]:                            ^^^^^^^^^^^^^^^^^^^^^^^^^^^^^^^^^^^^^^^^^^^^^^^^^^^
[rank0]:   File "/venv/main/lib/python3.12/site-packages/torch/nn/modules/module.py", line 1776, in _wrapped_call_impl
[rank0]:     return self._call_impl(*args, **kwargs)
[rank0]:            ^^^^^^^^^^^^^^^^^^^^^^^^^^^^^^^^
[rank0]:   File "/venv/main/lib/python3.12/site-packages/torch/nn/modules/module.py", line 1787, in _call_impl
[rank0]:     return forward_call(*args, **kwargs)
[rank0]:            ^^^^^^^^^^^^^^^^^^^^^^^^^^^^^
[rank0]:   File "/venv/main/lib/python3.12/site-packages/torch/nn/parallel/distributed.py", line 1666, in forward
[rank0]:     else self._run_ddp_forward(*inputs, **kwargs)
[rank0]:          ^^^^^^^^^^^^^^^^^^^^^^^^^^^^^^^^^^^^^^^^
[rank0]:   File "/venv/main/lib/python3.12/site-packages/torch/nn/parallel/distributed.py", line 1492, in _run_ddp_forward
[rank0]:     return self.module(*inputs, **kwargs)  # type: ignore[index]
[rank0]:            ^^^^^^^^^^^^^^^^^^^^^^^^^^^^^^
[rank0]:   File "/venv/main/lib/python3.12/site-packages/torch/nn/modules/module.py", line 1776, in _wrapped_call_impl
[rank0]:     return self._call_impl(*args, **kwargs)
[rank0]:            ^^^^^^^^^^^^^^^^^^^^^^^^^^^^^^^^
[rank0]:   File "/venv/main/lib/python3.12/site-packages/torch/nn/modules/module.py", line 1787, in _call_impl
[rank0]:     return forward_call(*args, **kwargs)
[rank0]:            ^^^^^^^^^^^^^^^^^^^^^^^^^^^^^
[rank0]:   File "/workspace/jobs/stable_diffusion/sd_2_small.py", line 105, in forward
[rank0]:     for u in self.ups: x = u(x, skips, t_emb, ctx)
[rank0]:                            ^^^^^^^^^^^^^^^^^^^^^^^
[rank0]:   File "/venv/main/lib/python3.12/site-packages/torch/nn/modules/module.py", line 1776, in _wrapped_call_impl
[rank0]:     return self._call_impl(*args, **kwargs)
[rank0]:            ^^^^^^^^^^^^^^^^^^^^^^^^^^^^^^^^
[rank0]:   File "/venv/main/lib/python3.12/site-packages/torch/nn/modules/module.py", line 1787, in _call_impl
[rank0]:     return forward_call(*args, **kwargs)
[rank0]:            ^^^^^^^^^^^^^^^^^^^^^^^^^^^^^
[rank0]:   File "/workspace/jobs/stable_diffusion/sd_2_small.py", line 78, in forward
[rank0]:     for r, a in zip(self.res, self.attn): x = r(torch.cat([x, skips.pop()], 1), t); x = a(x, ctx) if not isinstance(a, nn.Identity) else x
[rank0]:                                                 ^^^^^^^^^^^^^^^^^^^^^^^^^^^^^^
[rank0]: RuntimeError: Sizes of tensors must match except in dimension 1. Expected size 16 but got size 8 for tensor number 1 in the list.
[rank0]:[W413 19:47:21.382923251 ProcessGroupNCCL.cpp:1553] Warning: WARNING: destroy_process_group() was not called before program exit, which can leak resources. For more info, please see https://pytorch.org/docs/stable/distributed.html#shutdown (function operator())
W0413 19:47:22.057000 286320 site-packages/torch/distributed/elastic/multiprocessing/api.py:1010] Sending process 286389 closing signal SIGTERM
E0413 19:47:22.272000 286320 site-packages/torch/distributed/elastic/multiprocessing/api.py:984] failed (exitcode: 1) local_rank: 1 (pid: 286390) of binary: /venv/main/bin/python3
Traceback (most recent call last):
  File "/venv/main/bin/torchrun", line 10, in <module>
    sys.exit(main())
             ^^^^^^
  File "/venv/main/lib/python3.12/site-packages/torch/distributed/elastic/multiprocessing/errors/__init__.py", line 362, in wrapper
    return f(*args, **kwargs)
           ^^^^^^^^^^^^^^^^^^
  File "/venv/main/lib/python3.12/site-packages/torch/distributed/run.py", line 991, in main
    run(args)
  File "/venv/main/lib/python3.12/site-packages/torch/distributed/run.py", line 982, in run
    elastic_launch(
  File "/venv/main/lib/python3.12/site-packages/torch/distributed/launcher/api.py", line 170, in __call__
    return launch_agent(self._config, self._entrypoint, list(args))
           ^^^^^^^^^^^^^^^^^^^^^^^^^^^^^^^^^^^^^^^^^^^^^^^^^^^^^^^^
  File "/venv/main/lib/python3.12/site-packages/torch/distributed/launcher/api.py", line 317, in launch_agent
    raise ChildFailedError(
torch.distributed.elastic.multiprocessing.errors.ChildFailedError: 
============================================================
/workspace/jobs/stable_diffusion/sd_2_small.py FAILED
------------------------------------------------------------
Failures:
[1]:
  time      : 2026-04-13_19:47:22
  host      : 72d3b753fbb9
  rank      : 0 (local_rank: 0)
  exitcode  : -15 (pid: 286389)
  error_file: <N/A>
  traceback : Signal 15 (SIGTERM) received by PID 286389
------------------------------------------------------------
Root Cause (first observed failure):
[0]:
  time      : 2026-04-13_19:47:22
  host      : 72d3b753fbb9
  rank      : 1 (local_rank: 1)
  exitcode  : 1 (pid: 286390)
  error_file: <N/A>
  traceback : To enable traceback see: https://pytorch.org/docs/stable/elastic/errors.html
============================================================
