W0414 03:02:20.786000 353278 site-packages/torch/distributed/run.py:852] 
W0414 03:02:20.786000 353278 site-packages/torch/distributed/run.py:852] *****************************************
W0414 03:02:20.786000 353278 site-packages/torch/distributed/run.py:852] Setting OMP_NUM_THREADS environment variable for each process to be 1 in default, to avoid your system being overloaded, please further tune the variable for optimal performance in your application as needed. 
W0414 03:02:20.786000 353278 site-packages/torch/distributed/run.py:852] *****************************************
###FEATURES###
{"model_type": "speech_transformer", "batch_size": 32, "param_count": 63231625}
###END_FEATURES###
speech_transformer_32_40M | GPUs:4 | Batch:32 | Params:63,231,625
W0414 03:02:25.607000 353278 site-packages/torch/distributed/elastic/agent/server/api.py:739] Received 2 death signal, shutting down workers
W0414 03:02:25.609000 353278 site-packages/torch/distributed/elastic/multiprocessing/api.py:1010] Sending process 353347 closing signal SIGINT
W0414 03:02:25.609000 353278 site-packages/torch/distributed/elastic/multiprocessing/api.py:1010] Sending process 353348 closing signal SIGINT
W0414 03:02:25.610000 353278 site-packages/torch/distributed/elastic/multiprocessing/api.py:1010] Sending process 353349 closing signal SIGINT
W0414 03:02:25.611000 353278 site-packages/torch/distributed/elastic/multiprocessing/api.py:1010] Sending process 353350 closing signal SIGINT
[rank2]: Traceback (most recent call last):
[rank2]:   File "/workspace/jobs/speech_transformer/speech_transformer_32_40M.py", line 201, in <module>
[rank2]:     if __name__ == "__main__": main()
[rank2]:                                ^^^^^^
[rank2]:   File "/workspace/jobs/speech_transformer/speech_transformer_32_40M.py", line 175, in main
[rank2]:     model = DDP(model, device_ids=[rank])
[rank2]:             ^^^^^^^^^^^^^^^^^^^^^^^^^^^^^
[rank2]:   File "/venv/main/lib/python3.12/site-packages/torch/nn/parallel/distributed.py", line 676, in __init__
[rank2]:     torch._dynamo.utils.get_optimize_ddp_mode() == "python_reducer"
[rank2]:     ^^^^^^^^^^^^^
[rank2]:   File "/venv/main/lib/python3.12/site-packages/torch/__init__.py", line 2860, in __getattr__
[rank2]:     return importlib.import_module(f".{name}", __name__)
[rank2]:            ^^^^^^^^^^^^^^^^^^^^^^^^^^^^^^^^^^^^^^^^^^^^^
[rank2]:   File "/venv/main/lib/python3.12/importlib/__init__.py", line 90, in import_module
[rank2]:     return _bootstrap._gcd_import(name[level:], package, level)
[rank2]:            ^^^^^^^^^^^^^^^^^^^^^^^^^^^^^^^^^^^^^^^^^^^^^^^^^^^^
[rank2]:   File "<frozen importlib._bootstrap>", line 1387, in _gcd_import
[rank2]:   File "<frozen importlib._bootstrap>", line 1360, in _find_and_load
[rank2]:   File "<frozen importlib._bootstrap>", line 1331, in _find_and_load_unlocked
[rank2]:   File "<frozen importlib._bootstrap>", line 935, in _load_unlocked
[rank2]:   File "<frozen importlib._bootstrap_external>", line 999, in exec_module
[rank2]:   File "<frozen importlib._bootstrap>", line 488, in _call_with_frames_removed
[rank2]:   File "/venv/main/lib/python3.12/site-packages/torch/_dynamo/__init__.py", line 13, in <module>
[rank2]:     from . import (
[rank2]:   File "/venv/main/lib/python3.12/site-packages/torch/_dynamo/aot_compile.py", line 14, in <module>
[rank2]:     from torch._dynamo.convert_frame import GraphRuntimeEnv
[rank2]:   File "/venv/main/lib/python3.12/site-packages/torch/_dynamo/convert_frame.py", line 60, in <module>
[rank2]:     from torch._dynamo.symbolic_convert import TensorifyState
[rank2]:   File "/venv/main/lib/python3.12/site-packages/torch/_dynamo/symbolic_convert.py", line 53, in <module>
[rank2]:     from torch._dynamo.exc import ObservedException, TensorifyScalarRestartAnalysis
[rank2]:   File "/venv/main/lib/python3.12/site-packages/torch/_dynamo/exc.py", line 44, in <module>
[rank2]:     from .utils import counters
[rank2]:   File "/venv/main/lib/python3.12/site-packages/torch/_dynamo/utils.py", line 69, in <module>
[rank2]:     import torch.fx.experimental.symbolic_shapes
[rank2]:   File "/venv/main/lib/python3.12/site-packages/torch/fx/experimental/symbolic_shapes.py", line 3, in <module>
[rank2]:     import sympy
[rank2]:   File "/venv/main/lib/python3.12/site-packages/sympy/__init__.py", line 77, in <module>
[rank2]:     from .polys import (Poly, PurePoly, poly_from_expr, parallel_poly_from_expr,
[rank2]:   File "/venv/main/lib/python3.12/site-packages/sympy/polys/__init__.py", line 79, in <module>
[rank2]:     from .polyfuncs import (symmetrize, horner, interpolate,
[rank2]:   File "/venv/main/lib/python3.12/site-packages/sympy/polys/polyfuncs.py", line 10, in <module>
[rank2]:     from sympy.polys.specialpolys import (
[rank2]:   File "/venv/main/lib/python3.12/site-packages/sympy/polys/specialpolys.py", line 298, in <module>
[rank2]:     from sympy.polys.rings import ring
[rank2]:   File "/venv/main/lib/python3.12/site-packages/sympy/polys/rings.py", line 31, in <module>
[rank2]:     from sympy.printing.defaults import DefaultPrinting
[rank2]:   File "/venv/main/lib/python3.12/site-packages/sympy/printing/__init__.py", line 11, in <module>
[rank2]:     from .pycode import pycode
[rank2]:   File "/venv/main/lib/python3.12/site-packages/sympy/printing/pycode.py", line 11, in <module>
[rank2]:     from .codeprinter import CodePrinter
[rank2]:   File "/venv/main/lib/python3.12/site-packages/sympy/printing/codeprinter.py", line 13, in <module>
[rank2]:     from sympy.functions.elementary.complexes import re
[rank2]:   File "/venv/main/lib/python3.12/site-packages/sympy/functions/__init__.py", line 39, in <module>
[rank2]:     from sympy.functions.special.bsplines import bspline_basis, bspline_basis_set, interpolating_spline
[rank2]:   File "/venv/main/lib/python3.12/site-packages/sympy/functions/special/bsplines.py", line 5, in <module>
[rank2]:     from sympy.sets.sets import Interval
[rank2]:   File "/venv/main/lib/python3.12/site-packages/sympy/sets/__init__.py", line 11, in <module>
[rank2]:     from .handlers.comparison import _eval_is_eq  # noqa:F401
[rank2]:     ^^^^^^^^^^^^^^^^^^^^^^^^^^^^^^^^^^^^^^^^^^^^
[rank2]:   File "/venv/main/lib/python3.12/site-packages/sympy/sets/handlers/comparison.py", line 51, in <module>
[rank2]:     @dispatch(Set, Set) # type:ignore
[rank2]:      ^^^^^^^^^^^^^^^^^^
[rank2]:   File "/venv/main/lib/python3.12/site-packages/sympy/multipledispatch/core.py", line 71, in _
[rank2]:     dispatcher.add(types, func, on_ambiguity=on_ambiguity)
[rank2]:   File "/venv/main/lib/python3.12/site-packages/sympy/multipledispatch/dispatcher.py", line 219, in add
[rank2]:     self.reorder(on_ambiguity=on_ambiguity)
[rank2]:   File "/venv/main/lib/python3.12/site-packages/sympy/multipledispatch/dispatcher.py", line 225, in reorder
[rank2]:     amb = ambiguities(self.funcs)
[rank2]:           ^^^^^^^^^^^^^^^^^^^^^^^
[rank2]:   File "/venv/main/lib/python3.12/site-packages/sympy/multipledispatch/conflict.py", line 27, in ambiguities
[rank2]:     return {(a, b) for a in signatures for b in signatures
[rank2]:             ^^^^^^
[rank2]: KeyboardInterrupt
[rank3]: Traceback (most recent call last):
[rank3]:   File "/workspace/jobs/speech_transformer/speech_transformer_32_40M.py", line 201, in <module>
[rank3]:     if __name__ == "__main__": main()
[rank3]:                                ^^^^^^
[rank3]:   File "/workspace/jobs/speech_transformer/speech_transformer_32_40M.py", line 175, in main
[rank3]:     model = DDP(model, device_ids=[rank])
[rank3]:             ^^^^^^^^^^^^^^^^^^^^^^^^^^^^^
[rank3]:   File "/venv/main/lib/python3.12/site-packages/torch/nn/parallel/distributed.py", line 676, in __init__
[rank3]:     torch._dynamo.utils.get_optimize_ddp_mode() == "python_reducer"
[rank3]:     ^^^^^^^^^^^^^
[rank3]:   File "/venv/main/lib/python3.12/site-packages/torch/__init__.py", line 2860, in __getattr__
[rank3]:     return importlib.import_module(f".{name}", __name__)
[rank3]:            ^^^^^^^^^^^^^^^^^^^^^^^^^^^^^^^^^^^^^^^^^^^^^
[rank3]:   File "/venv/main/lib/python3.12/importlib/__init__.py", line 90, in import_module
[rank3]:     return _bootstrap._gcd_import(name[level:], package, level)
[rank3]:            ^^^^^^^^^^^^^^^^^^^^^^^^^^^^^^^^^^^^^^^^^^^^^^^^^^^^
[rank3]:   File "<frozen importlib._bootstrap>", line 1387, in _gcd_import
[rank3]:   File "<frozen importlib._bootstrap>", line 1360, in _find_and_load
[rank3]:   File "<frozen importlib._bootstrap>", line 1331, in _find_and_load_unlocked
[rank3]:   File "<frozen importlib._bootstrap>", line 935, in _load_unlocked
[rank3]:   File "<frozen importlib._bootstrap_external>", line 999, in exec_module
[rank3]:   File "<frozen importlib._bootstrap>", line 488, in _call_with_frames_removed
[rank3]:   File "/venv/main/lib/python3.12/site-packages/torch/_dynamo/__init__.py", line 13, in <module>
[rank3]:     from . import (
[rank3]:   File "/venv/main/lib/python3.12/site-packages/torch/_dynamo/aot_compile.py", line 14, in <module>
[rank3]:     from torch._dynamo.convert_frame import GraphRuntimeEnv
[rank3]:   File "/venv/main/lib/python3.12/site-packages/torch/_dynamo/convert_frame.py", line 60, in <module>
[rank3]:     from torch._dynamo.symbolic_convert import TensorifyState
[rank3]:   File "/venv/main/lib/python3.12/site-packages/torch/_dynamo/symbolic_convert.py", line 53, in <module>
[rank3]:     from torch._dynamo.exc import ObservedException, TensorifyScalarRestartAnalysis
[rank3]:   File "/venv/main/lib/python3.12/site-packages/torch/_dynamo/exc.py", line 44, in <module>
[rank3]:     from .utils import counters
[rank3]:   File "/venv/main/lib/python3.12/site-packages/torch/_dynamo/utils.py", line 69, in <module>
[rank3]:     import torch.fx.experimental.symbolic_shapes
[rank3]:   File "/venv/main/lib/python3.12/site-packages/torch/fx/experimental/symbolic_shapes.py", line 3, in <module>
[rank3]:     import sympy
[rank3]:   File "/venv/main/lib/python3.12/site-packages/sympy/__init__.py", line 77, in <module>
[rank3]:     from .polys import (Poly, PurePoly, poly_from_expr, parallel_poly_from_expr,
[rank3]:   File "/venv/main/lib/python3.12/site-packages/sympy/polys/__init__.py", line 79, in <module>
[rank3]:     from .polyfuncs import (symmetrize, horner, interpolate,
[rank3]:   File "/venv/main/lib/python3.12/site-packages/sympy/polys/polyfuncs.py", line 10, in <module>
[rank3]:     from sympy.polys.specialpolys import (
[rank3]:   File "/venv/main/lib/python3.12/site-packages/sympy/polys/specialpolys.py", line 298, in <module>
[rank3]:     from sympy.polys.rings import ring
[rank3]:   File "/venv/main/lib/python3.12/site-packages/sympy/polys/rings.py", line 31, in <module>
[rank3]:     from sympy.printing.defaults import DefaultPrinting
[rank3]:   File "/venv/main/lib/python3.12/site-packages/sympy/printing/__init__.py", line 11, in <module>
[rank3]:     from .pycode import pycode
[rank3]:   File "/venv/main/lib/python3.12/site-packages/sympy/printing/pycode.py", line 11, in <module>
[rank3]:     from .codeprinter import CodePrinter
[rank3]:   File "/venv/main/lib/python3.12/site-packages/sympy/printing/codeprinter.py", line 13, in <module>
[rank3]:     from sympy.functions.elementary.complexes import re
[rank3]:   File "/venv/main/lib/python3.12/site-packages/sympy/functions/__init__.py", line 40, in <module>
[rank3]:     from sympy.functions.special.bessel import (besselj, bessely, besseli, besselk,
[rank3]:   File "/venv/main/lib/python3.12/site-packages/sympy/functions/special/bessel.py", line 1028, in <module>
[rank3]:     class yn(SphericalBesselBase):
[rank3]:   File "/venv/main/lib/python3.12/site-packages/sympy/core/basic.py", line 218, in __init_subclass__
[rank3]:     _prepare_class_assumptions(cls)
[rank3]:   File "/venv/main/lib/python3.12/site-packages/sympy/core/assumptions.py", line 642, in _prepare_class_assumptions
[rank3]:     eval_is_meth = getattr(cls, '_eval_is_%s' % k, None)
[rank3]:                    ^^^^^^^^^^^^^^^^^^^^^^^^^^^^^^^^^^^^^
[rank3]: KeyboardInterrupt
[rank1]: Traceback (most recent call last):
[rank1]:   File "/workspace/jobs/speech_transformer/speech_transformer_32_40M.py", line 201, in <module>
[rank1]:     if __name__ == "__main__": main()
[rank1]:                                ^^^^^^
[rank1]:   File "/workspace/jobs/speech_transformer/speech_transformer_32_40M.py", line 175, in main
[rank1]:     model = DDP(model, device_ids=[rank])
[rank1]:             ^^^^^^^^^^^^^^^^^^^^^^^^^^^^^
[rank1]:   File "/venv/main/lib/python3.12/site-packages/torch/nn/parallel/distributed.py", line 676, in __init__
[rank1]:     torch._dynamo.utils.get_optimize_ddp_mode() == "python_reducer"
[rank1]:     ^^^^^^^^^^^^^
[rank1]:   File "/venv/main/lib/python3.12/site-packages/torch/__init__.py", line 2860, in __getattr__
[rank1]:     return importlib.import_module(f".{name}", __name__)
[rank1]:            ^^^^^^^^^^^^^^^^^^^^^^^^^^^^^^^^^^^^^^^^^^^^^
[rank1]:   File "/venv/main/lib/python3.12/importlib/__init__.py", line 90, in import_module
[rank1]:     return _bootstrap._gcd_import(name[level:], package, level)
[rank1]:            ^^^^^^^^^^^^^^^^^^^^^^^^^^^^^^^^^^^^^^^^^^^^^^^^^^^^
[rank1]:   File "<frozen importlib._bootstrap>", line 1387, in _gcd_import
[rank1]:   File "<frozen importlib._bootstrap>", line 1360, in _find_and_load
[rank1]:   File "<frozen importlib._bootstrap>", line 1331, in _find_and_load_unlocked
[rank1]:   File "<frozen importlib._bootstrap>", line 935, in _load_unlocked
[rank1]:   File "<frozen importlib._bootstrap_external>", line 999, in exec_module
[rank1]:   File "<frozen importlib._bootstrap>", line 488, in _call_with_frames_removed
[rank1]:   File "/venv/main/lib/python3.12/site-packages/torch/_dynamo/__init__.py", line 13, in <module>
[rank1]:     from . import (
[rank1]:   File "/venv/main/lib/python3.12/site-packages/torch/_dynamo/aot_compile.py", line 14, in <module>
[rank1]:     from torch._dynamo.convert_frame import GraphRuntimeEnv
[rank1]:   File "/venv/main/lib/python3.12/site-packages/torch/_dynamo/convert_frame.py", line 60, in <module>
[rank1]:     from torch._dynamo.symbolic_convert import TensorifyState
[rank1]:   File "/venv/main/lib/python3.12/site-packages/torch/_dynamo/symbolic_convert.py", line 53, in <module>
[rank1]:     from torch._dynamo.exc import ObservedException, TensorifyScalarRestartAnalysis
[rank1]:   File "/venv/main/lib/python3.12/site-packages/torch/_dynamo/exc.py", line 44, in <module>
[rank1]:     from .utils import counters
[rank1]:   File "/venv/main/lib/python3.12/site-packages/torch/_dynamo/utils.py", line 69, in <module>
[rank1]:     import torch.fx.experimental.symbolic_shapes
[rank1]:   File "/venv/main/lib/python3.12/site-packages/torch/fx/experimental/symbolic_shapes.py", line 3, in <module>
[rank1]:     import sympy
[rank1]:   File "/venv/main/lib/python3.12/site-packages/sympy/__init__.py", line 77, in <module>
[rank1]:     from .polys import (Poly, PurePoly, poly_from_expr, parallel_poly_from_expr,
[rank1]:   File "/venv/main/lib/python3.12/site-packages/sympy/polys/__init__.py", line 79, in <module>
[rank1]:     from .polyfuncs import (symmetrize, horner, interpolate,
[rank1]:   File "/venv/main/lib/python3.12/site-packages/sympy/polys/polyfuncs.py", line 10, in <module>
[rank1]:     from sympy.polys.specialpolys import (
[rank1]:   File "/venv/main/lib/python3.12/site-packages/sympy/polys/specialpolys.py", line 298, in <module>
[rank1]:     from sympy.polys.rings import ring
[rank1]:   File "/venv/main/lib/python3.12/site-packages/sympy/polys/rings.py", line 31, in <module>
[rank1]:     from sympy.printing.defaults import DefaultPrinting
[rank1]:   File "/venv/main/lib/python3.12/site-packages/sympy/printing/__init__.py", line 25, in <module>
[rank1]:     from .julia import julia_code
[rank1]:   File "<frozen importlib._bootstrap>", line 1357, in _find_and_load
[rank1]:   File "<frozen importlib._bootstrap>", line 418, in __enter__
[rank1]:   File "<frozen importlib._bootstrap>", line 311, in acquire
[rank1]:   File "<frozen importlib._bootstrap>", line 170, in __enter__
[rank1]:   File "<frozen importlib._bootstrap>", line 132, in setdefault
[rank1]:   File "<frozen importlib._bootstrap>", line 74, in __new__
[rank1]: KeyboardInterrupt
[rank0]: Traceback (most recent call last):
[rank0]:   File "/workspace/jobs/speech_transformer/speech_transformer_32_40M.py", line 201, in <module>
[rank0]:     if __name__ == "__main__": main()
[rank0]:                                ^^^^^^
[rank0]:   File "/workspace/jobs/speech_transformer/speech_transformer_32_40M.py", line 175, in main
[rank0]:     model = DDP(model, device_ids=[rank])
[rank0]:             ^^^^^^^^^^^^^^^^^^^^^^^^^^^^^
[rank0]:   File "/venv/main/lib/python3.12/site-packages/torch/nn/parallel/distributed.py", line 676, in __init__
[rank0]:     torch._dynamo.utils.get_optimize_ddp_mode() == "python_reducer"
[rank0]:     ^^^^^^^^^^^^^
[rank0]:   File "/venv/main/lib/python3.12/site-packages/torch/__init__.py", line 2860, in __getattr__
[rank0]:     return importlib.import_module(f".{name}", __name__)
[rank0]:            ^^^^^^^^^^^^^^^^^^^^^^^^^^^^^^^^^^^^^^^^^^^^^
[rank0]:   File "/venv/main/lib/python3.12/importlib/__init__.py", line 90, in import_module
[rank0]:     return _bootstrap._gcd_import(name[level:], package, level)
[rank0]:            ^^^^^^^^^^^^^^^^^^^^^^^^^^^^^^^^^^^^^^^^^^^^^^^^^^^^
[rank0]:   File "<frozen importlib._bootstrap>", line 1387, in _gcd_import
[rank0]:   File "<frozen importlib._bootstrap>", line 1360, in _find_and_load
[rank0]:   File "<frozen importlib._bootstrap>", line 1331, in _find_and_load_unlocked
[rank0]:   File "<frozen importlib._bootstrap>", line 935, in _load_unlocked
[rank0]:   File "<frozen importlib._bootstrap_external>", line 999, in exec_module
[rank0]:   File "<frozen importlib._bootstrap>", line 488, in _call_with_frames_removed
[rank0]:   File "/venv/main/lib/python3.12/site-packages/torch/_dynamo/__init__.py", line 13, in <module>
[rank0]:     from . import (
[rank0]:   File "/venv/main/lib/python3.12/site-packages/torch/_dynamo/aot_compile.py", line 14, in <module>
[rank0]:     from torch._dynamo.convert_frame import GraphRuntimeEnv
[rank0]:   File "/venv/main/lib/python3.12/site-packages/torch/_dynamo/convert_frame.py", line 60, in <module>
[rank0]:     from torch._dynamo.symbolic_convert import TensorifyState
[rank0]:   File "/venv/main/lib/python3.12/site-packages/torch/_dynamo/symbolic_convert.py", line 53, in <module>
[rank0]:     from torch._dynamo.exc import ObservedException, TensorifyScalarRestartAnalysis
[rank0]:   File "/venv/main/lib/python3.12/site-packages/torch/_dynamo/exc.py", line 44, in <module>
[rank0]:     from .utils import counters
[rank0]:   File "/venv/main/lib/python3.12/site-packages/torch/_dynamo/utils.py", line 69, in <module>
[rank0]:     import torch.fx.experimental.symbolic_shapes
[rank0]:   File "/venv/main/lib/python3.12/site-packages/torch/fx/experimental/symbolic_shapes.py", line 3, in <module>
[rank0]:     import sympy
[rank0]:   File "/venv/main/lib/python3.12/site-packages/sympy/__init__.py", line 77, in <module>
[rank0]:     from .polys import (Poly, PurePoly, poly_from_expr, parallel_poly_from_expr,
[rank0]:   File "/venv/main/lib/python3.12/site-packages/sympy/polys/__init__.py", line 79, in <module>
[rank0]:     from .polyfuncs import (symmetrize, horner, interpolate,
[rank0]:   File "/venv/main/lib/python3.12/site-packages/sympy/polys/polyfuncs.py", line 10, in <module>
[rank0]:     from sympy.polys.specialpolys import (
[rank0]:   File "/venv/main/lib/python3.12/site-packages/sympy/polys/specialpolys.py", line 298, in <module>
[rank0]:     from sympy.polys.rings import ring
[rank0]:   File "/venv/main/lib/python3.12/site-packages/sympy/polys/rings.py", line 31, in <module>
[rank0]:     from sympy.printing.defaults import DefaultPrinting
[rank0]:   File "/venv/main/lib/python3.12/site-packages/sympy/printing/__init__.py", line 25, in <module>
[rank0]:     from .julia import julia_code
[rank0]:   File "<frozen importlib._bootstrap>", line 1357, in _find_and_load
[rank0]:   File "<frozen importlib._bootstrap>", line 418, in __enter__
[rank0]:   File "<frozen importlib._bootstrap>", line 311, in acquire
[rank0]:   File "<frozen importlib._bootstrap>", line 170, in __enter__
[rank0]:   File "<frozen importlib._bootstrap>", line 132, in setdefault
[rank0]:   File "<frozen importlib._bootstrap>", line 74, in __new__
[rank0]: KeyboardInterrupt
[rank0]:[W414 03:02:25.784792362 ProcessGroupNCCL.cpp:1553] Warning: WARNING: destroy_process_group() was not called before program exit, which can leak resources. For more info, please see https://pytorch.org/docs/stable/distributed.html#shutdown (function operator())
Traceback (most recent call last):
  File "/venv/main/bin/torchrun", line 10, in <module>
    sys.exit(main())
             ^^^^^^
  File "/venv/main/lib/python3.12/site-packages/torch/distributed/elastic/multiprocessing/errors/__init__.py", line 362, in wrapper
    return f(*args, **kwargs)
           ^^^^^^^^^^^^^^^^^^
  File "/venv/main/lib/python3.12/site-packages/torch/distributed/run.py", line 991, in main
    run(args)
  File "/venv/main/lib/python3.12/site-packages/torch/distributed/run.py", line 982, in run
    elastic_launch(
  File "/venv/main/lib/python3.12/site-packages/torch/distributed/launcher/api.py", line 170, in __call__
    return launch_agent(self._config, self._entrypoint, list(args))
           ^^^^^^^^^^^^^^^^^^^^^^^^^^^^^^^^^^^^^^^^^^^^^^^^^^^^^^^^
  File "/venv/main/lib/python3.12/site-packages/torch/distributed/launcher/api.py", line 308, in launch_agent
    result = agent.run()
             ^^^^^^^^^^^
  File "/venv/main/lib/python3.12/site-packages/torch/distributed/elastic/metrics/api.py", line 134, in wrapper
    result = f(*args, **kwargs)
             ^^^^^^^^^^^^^^^^^^
  File "/venv/main/lib/python3.12/site-packages/torch/distributed/elastic/agent/server/api.py", line 731, in run
    result = self._invoke_run(role)
             ^^^^^^^^^^^^^^^^^^^^^^
  File "/venv/main/lib/python3.12/site-packages/torch/distributed/elastic/agent/server/api.py", line 908, in _invoke_run
    time.sleep(monitor_interval)
  File "/venv/main/lib/python3.12/site-packages/torch/distributed/elastic/multiprocessing/api.py", line 86, in _terminate_process_handler
    raise SignalException(f"Process {os.getpid()} got signal: {sigval}", sigval=sigval)
torch.distributed.elastic.multiprocessing.api.SignalException: Process 353278 got signal: 2
