W0413 18:56:13.558000 256222 site-packages/torch/distributed/run.py:852] 
W0413 18:56:13.558000 256222 site-packages/torch/distributed/run.py:852] *****************************************
W0413 18:56:13.558000 256222 site-packages/torch/distributed/run.py:852] Setting OMP_NUM_THREADS environment variable for each process to be 1 in default, to avoid your system being overloaded, please further tune the variable for optimal performance in your application as needed. 
W0413 18:56:13.558000 256222 site-packages/torch/distributed/run.py:852] *****************************************
###FEATURES###
{"model_type": "gnn_edgecnn", "batch_size": 32, "param_count": 2081832}
###END_FEATURES###
edgecnn_32_large | GPUs:8 | Batch:32 | Params:2,081,832
[rank0]: Traceback (most recent call last):
[rank0]:   File "/workspace/jobs/edgecnn/edgecnn_32_large.py", line 90, in <module>
[rank0]:     if __name__ == "__main__": main()
[rank0]:                                ^^^^^^
[rank0]:   File "/workspace/jobs/edgecnn/edgecnn_32_large.py", line 81, in main
[rank0]:     optim.zero_grad(); crit(model(pts), lbl).backward(); optim.step()
[rank0]:                        ^^^^^^^^^^^^^^^^^^^^^^^^^^^^^^^^
[rank0]:   File "/venv/main/lib/python3.12/site-packages/torch/_tensor.py", line 630, in backward
[rank0]:     torch.autograd.backward(
[rank0]:   File "/venv/main/lib/python3.12/site-packages/torch/autograd/__init__.py", line 364, in backward
[rank0]:     _engine_run_backward(
[rank0]:   File "/venv/main/lib/python3.12/site-packages/torch/autograd/graph.py", line 865, in _engine_run_backward
[rank0]:     return Variable._execution_engine.run_backward(  # Calls into the C++ engine to run the backward pass
[rank0]:            ^^^^^^^^^^^^^^^^^^^^^^^^^^^^^^^^^^^^^^^^^^^^^^^^^^^^^^^^^^^^^^^^^^^^^^^^^^^^^^^^^^^^^^^^^^^^^^
[rank0]: torch.OutOfMemoryError: CUDA out of memory. Tried to allocate 1.25 GiB. GPU 0 has a total capacity of 11.63 GiB of which 1.09 GiB is free. Process 2668341 has 10.54 GiB memory in use. Of the allocated memory 9.09 GiB is allocated by PyTorch, and 1.21 GiB is reserved by PyTorch but unallocated. If reserved but unallocated memory is large try setting PYTORCH_ALLOC_CONF=expandable_segments:True to avoid fragmentation.  See documentation for Memory Management  (https://pytorch.org/docs/stable/notes/cuda.html#environment-variables)
[rank1]: Traceback (most recent call last):
[rank1]:   File "/workspace/jobs/edgecnn/edgecnn_32_large.py", line 90, in <module>
[rank1]:     if __name__ == "__main__": main()
[rank1]:                                ^^^^^^
[rank1]:   File "/workspace/jobs/edgecnn/edgecnn_32_large.py", line 81, in main
[rank1]:     optim.zero_grad(); crit(model(pts), lbl).backward(); optim.step()
[rank1]:                        ^^^^^^^^^^^^^^^^^^^^^^^^^^^^^^^^
[rank1]:   File "/venv/main/lib/python3.12/site-packages/torch/_tensor.py", line 630, in backward
[rank1]:     torch.autograd.backward(
[rank1]:   File "/venv/main/lib/python3.12/site-packages/torch/autograd/__init__.py", line 364, in backward
[rank1]:     _engine_run_backward(
[rank1]:   File "/venv/main/lib/python3.12/site-packages/torch/autograd/graph.py", line 865, in _engine_run_backward
[rank1]:     return Variable._execution_engine.run_backward(  # Calls into the C++ engine to run the backward pass
[rank1]:            ^^^^^^^^^^^^^^^^^^^^^^^^^^^^^^^^^^^^^^^^^^^^^^^^^^^^^^^^^^^^^^^^^^^^^^^^^^^^^^^^^^^^^^^^^^^^^^
[rank1]: torch.OutOfMemoryError: CUDA out of memory. Tried to allocate 1.25 GiB. GPU 1 has a total capacity of 11.63 GiB of which 1.09 GiB is free. Process 2668342 has 10.54 GiB memory in use. Of the allocated memory 9.09 GiB is allocated by PyTorch, and 1.21 GiB is reserved by PyTorch but unallocated. If reserved but unallocated memory is large try setting PYTORCH_ALLOC_CONF=expandable_segments:True to avoid fragmentation.  See documentation for Memory Management  (https://pytorch.org/docs/stable/notes/cuda.html#environment-variables)
[rank4]: Traceback (most recent call last):
[rank4]:   File "/workspace/jobs/edgecnn/edgecnn_32_large.py", line 90, in <module>
[rank4]:     if __name__ == "__main__": main()
[rank4]:                                ^^^^^^
[rank4]:   File "/workspace/jobs/edgecnn/edgecnn_32_large.py", line 81, in main
[rank4]:     optim.zero_grad(); crit(model(pts), lbl).backward(); optim.step()
[rank4]:                        ^^^^^^^^^^^^^^^^^^^^^^^^^^^^^^^^
[rank4]:   File "/venv/main/lib/python3.12/site-packages/torch/_tensor.py", line 630, in backward
[rank4]:     torch.autograd.backward(
[rank4]:   File "/venv/main/lib/python3.12/site-packages/torch/autograd/__init__.py", line 364, in backward
[rank4]:     _engine_run_backward(
[rank4]:   File "/venv/main/lib/python3.12/site-packages/torch/autograd/graph.py", line 865, in _engine_run_backward
[rank4]:     return Variable._execution_engine.run_backward(  # Calls into the C++ engine to run the backward pass
[rank4]:            ^^^^^^^^^^^^^^^^^^^^^^^^^^^^^^^^^^^^^^^^^^^^^^^^^^^^^^^^^^^^^^^^^^^^^^^^^^^^^^^^^^^^^^^^^^^^^^
[rank4]: torch.OutOfMemoryError: CUDA out of memory. Tried to allocate 1.25 GiB. GPU 4 has a total capacity of 11.63 GiB of which 1.09 GiB is free. Process 2668345 has 10.54 GiB memory in use. Of the allocated memory 9.09 GiB is allocated by PyTorch, and 1.21 GiB is reserved by PyTorch but unallocated. If reserved but unallocated memory is large try setting PYTORCH_ALLOC_CONF=expandable_segments:True to avoid fragmentation.  See documentation for Memory Management  (https://pytorch.org/docs/stable/notes/cuda.html#environment-variables)
[rank5]: Traceback (most recent call last):
[rank5]:   File "/workspace/jobs/edgecnn/edgecnn_32_large.py", line 90, in <module>
[rank5]:     if __name__ == "__main__": main()
[rank5]:                                ^^^^^^
[rank5]:   File "/workspace/jobs/edgecnn/edgecnn_32_large.py", line 81, in main
[rank5]:     optim.zero_grad(); crit(model(pts), lbl).backward(); optim.step()
[rank5]:                        ^^^^^^^^^^^^^^^^^^^^^^^^^^^^^^^^
[rank5]:   File "/venv/main/lib/python3.12/site-packages/torch/_tensor.py", line 630, in backward
[rank5]:     torch.autograd.backward(
[rank5]:   File "/venv/main/lib/python3.12/site-packages/torch/autograd/__init__.py", line 364, in backward
[rank5]:     _engine_run_backward(
[rank5]:   File "/venv/main/lib/python3.12/site-packages/torch/autograd/graph.py", line 865, in _engine_run_backward
[rank5]:     return Variable._execution_engine.run_backward(  # Calls into the C++ engine to run the backward pass
[rank5]:            ^^^^^^^^^^^^^^^^^^^^^^^^^^^^^^^^^^^^^^^^^^^^^^^^^^^^^^^^^^^^^^^^^^^^^^^^^^^^^^^^^^^^^^^^^^^^^^
[rank5]: torch.OutOfMemoryError: CUDA out of memory. Tried to allocate 1.25 GiB. GPU 5 has a total capacity of 11.63 GiB of which 1.09 GiB is free. Process 2668346 has 10.54 GiB memory in use. Of the allocated memory 9.09 GiB is allocated by PyTorch, and 1.21 GiB is reserved by PyTorch but unallocated. If reserved but unallocated memory is large try setting PYTORCH_ALLOC_CONF=expandable_segments:True to avoid fragmentation.  See documentation for Memory Management  (https://pytorch.org/docs/stable/notes/cuda.html#environment-variables)
[rank2]: Traceback (most recent call last):
[rank2]:   File "/workspace/jobs/edgecnn/edgecnn_32_large.py", line 90, in <module>
[rank2]:     if __name__ == "__main__": main()
[rank2]:                                ^^^^^^
[rank2]:   File "/workspace/jobs/edgecnn/edgecnn_32_large.py", line 81, in main
[rank2]:     optim.zero_grad(); crit(model(pts), lbl).backward(); optim.step()
[rank2]:                        ^^^^^^^^^^^^^^^^^^^^^^^^^^^^^^^^
[rank2]:   File "/venv/main/lib/python3.12/site-packages/torch/_tensor.py", line 630, in backward
[rank2]:     torch.autograd.backward(
[rank2]:   File "/venv/main/lib/python3.12/site-packages/torch/autograd/__init__.py", line 364, in backward
[rank2]:     _engine_run_backward(
[rank2]:   File "/venv/main/lib/python3.12/site-packages/torch/autograd/graph.py", line 865, in _engine_run_backward
[rank2]:     return Variable._execution_engine.run_backward(  # Calls into the C++ engine to run the backward pass
[rank2]:            ^^^^^^^^^^^^^^^^^^^^^^^^^^^^^^^^^^^^^^^^^^^^^^^^^^^^^^^^^^^^^^^^^^^^^^^^^^^^^^^^^^^^^^^^^^^^^^
[rank2]: torch.OutOfMemoryError: CUDA out of memory. Tried to allocate 1.25 GiB. GPU 2 has a total capacity of 11.63 GiB of which 1.09 GiB is free. Process 2668343 has 10.54 GiB memory in use. Of the allocated memory 9.09 GiB is allocated by PyTorch, and 1.21 GiB is reserved by PyTorch but unallocated. If reserved but unallocated memory is large try setting PYTORCH_ALLOC_CONF=expandable_segments:True to avoid fragmentation.  See documentation for Memory Management  (https://pytorch.org/docs/stable/notes/cuda.html#environment-variables)
[rank6]: Traceback (most recent call last):
[rank6]:   File "/workspace/jobs/edgecnn/edgecnn_32_large.py", line 90, in <module>
[rank6]:     if __name__ == "__main__": main()
[rank6]:                                ^^^^^^
[rank6]:   File "/workspace/jobs/edgecnn/edgecnn_32_large.py", line 81, in main
[rank6]:     optim.zero_grad(); crit(model(pts), lbl).backward(); optim.step()
[rank6]:                        ^^^^^^^^^^^^^^^^^^^^^^^^^^^^^^^^
[rank6]:   File "/venv/main/lib/python3.12/site-packages/torch/_tensor.py", line 630, in backward
[rank6]:     torch.autograd.backward(
[rank6]:   File "/venv/main/lib/python3.12/site-packages/torch/autograd/__init__.py", line 364, in backward
[rank6]:     _engine_run_backward(
[rank6]:   File "/venv/main/lib/python3.12/site-packages/torch/autograd/graph.py", line 865, in _engine_run_backward
[rank6]:     return Variable._execution_engine.run_backward(  # Calls into the C++ engine to run the backward pass
[rank6]:            ^^^^^^^^^^^^^^^^^^^^^^^^^^^^^^^^^^^^^^^^^^^^^^^^^^^^^^^^^^^^^^^^^^^^^^^^^^^^^^^^^^^^^^^^^^^^^^
[rank6]: torch.OutOfMemoryError: CUDA out of memory. Tried to allocate 1.25 GiB. GPU 6 has a total capacity of 11.63 GiB of which 1.09 GiB is free. Process 2668347 has 10.54 GiB memory in use. Of the allocated memory 9.09 GiB is allocated by PyTorch, and 1.20 GiB is reserved by PyTorch but unallocated. If reserved but unallocated memory is large try setting PYTORCH_ALLOC_CONF=expandable_segments:True to avoid fragmentation.  See documentation for Memory Management  (https://pytorch.org/docs/stable/notes/cuda.html#environment-variables)
[rank7]: Traceback (most recent call last):
[rank7]:   File "/workspace/jobs/edgecnn/edgecnn_32_large.py", line 90, in <module>
[rank7]:     if __name__ == "__main__": main()
[rank7]:                                ^^^^^^
[rank7]:   File "/workspace/jobs/edgecnn/edgecnn_32_large.py", line 81, in main
[rank7]:     optim.zero_grad(); crit(model(pts), lbl).backward(); optim.step()
[rank7]:                        ^^^^^^^^^^^^^^^^^^^^^^^^^^^^^^^^
[rank7]:   File "/venv/main/lib/python3.12/site-packages/torch/_tensor.py", line 630, in backward
[rank7]:     torch.autograd.backward(
[rank7]:   File "/venv/main/lib/python3.12/site-packages/torch/autograd/__init__.py", line 364, in backward
[rank7]:     _engine_run_backward(
[rank7]:   File "/venv/main/lib/python3.12/site-packages/torch/autograd/graph.py", line 865, in _engine_run_backward
[rank7]:     return Variable._execution_engine.run_backward(  # Calls into the C++ engine to run the backward pass
[rank7]:            ^^^^^^^^^^^^^^^^^^^^^^^^^^^^^^^^^^^^^^^^^^^^^^^^^^^^^^^^^^^^^^^^^^^^^^^^^^^^^^^^^^^^^^^^^^^^^^
[rank7]: torch.OutOfMemoryError: CUDA out of memory. Tried to allocate 1.25 GiB. GPU 7 has a total capacity of 11.63 GiB of which 1.09 GiB is free. Process 2668348 has 10.54 GiB memory in use. Of the allocated memory 9.09 GiB is allocated by PyTorch, and 1.20 GiB is reserved by PyTorch but unallocated. If reserved but unallocated memory is large try setting PYTORCH_ALLOC_CONF=expandable_segments:True to avoid fragmentation.  See documentation for Memory Management  (https://pytorch.org/docs/stable/notes/cuda.html#environment-variables)
[rank3]: Traceback (most recent call last):
[rank3]:   File "/workspace/jobs/edgecnn/edgecnn_32_large.py", line 90, in <module>
[rank3]:     if __name__ == "__main__": main()
[rank3]:                                ^^^^^^
[rank3]:   File "/workspace/jobs/edgecnn/edgecnn_32_large.py", line 81, in main
[rank3]:     optim.zero_grad(); crit(model(pts), lbl).backward(); optim.step()
[rank3]:                        ^^^^^^^^^^^^^^^^^^^^^^^^^^^^^^^^
[rank3]:   File "/venv/main/lib/python3.12/site-packages/torch/_tensor.py", line 630, in backward
[rank3]:     torch.autograd.backward(
[rank3]:   File "/venv/main/lib/python3.12/site-packages/torch/autograd/__init__.py", line 364, in backward
[rank3]:     _engine_run_backward(
[rank3]:   File "/venv/main/lib/python3.12/site-packages/torch/autograd/graph.py", line 865, in _engine_run_backward
[rank3]:     return Variable._execution_engine.run_backward(  # Calls into the C++ engine to run the backward pass
[rank3]:            ^^^^^^^^^^^^^^^^^^^^^^^^^^^^^^^^^^^^^^^^^^^^^^^^^^^^^^^^^^^^^^^^^^^^^^^^^^^^^^^^^^^^^^^^^^^^^^
[rank3]: torch.OutOfMemoryError: CUDA out of memory. Tried to allocate 1.25 GiB. GPU 3 has a total capacity of 11.63 GiB of which 1.09 GiB is free. Process 2668344 has 10.54 GiB memory in use. Of the allocated memory 9.09 GiB is allocated by PyTorch, and 1.21 GiB is reserved by PyTorch but unallocated. If reserved but unallocated memory is large try setting PYTORCH_ALLOC_CONF=expandable_segments:True to avoid fragmentation.  See documentation for Memory Management  (https://pytorch.org/docs/stable/notes/cuda.html#environment-variables)
[rank0]:[W413 18:56:23.992576405 ProcessGroupNCCL.cpp:1553] Warning: WARNING: destroy_process_group() was not called before program exit, which can leak resources. For more info, please see https://pytorch.org/docs/stable/distributed.html#shutdown (function operator())
W0413 18:56:24.001000 256222 site-packages/torch/distributed/elastic/multiprocessing/api.py:1010] Sending process 256292 closing signal SIGTERM
W0413 18:56:24.002000 256222 site-packages/torch/distributed/elastic/multiprocessing/api.py:1010] Sending process 256294 closing signal SIGTERM
W0413 18:56:24.003000 256222 site-packages/torch/distributed/elastic/multiprocessing/api.py:1010] Sending process 256295 closing signal SIGTERM
W0413 18:56:24.004000 256222 site-packages/torch/distributed/elastic/multiprocessing/api.py:1010] Sending process 256296 closing signal SIGTERM
W0413 18:56:24.004000 256222 site-packages/torch/distributed/elastic/multiprocessing/api.py:1010] Sending process 256297 closing signal SIGTERM
W0413 18:56:24.005000 256222 site-packages/torch/distributed/elastic/multiprocessing/api.py:1010] Sending process 256298 closing signal SIGTERM
E0413 18:56:24.462000 256222 site-packages/torch/distributed/elastic/multiprocessing/api.py:984] failed (exitcode: 1) local_rank: 0 (pid: 256291) of binary: /venv/main/bin/python3
Traceback (most recent call last):
  File "/venv/main/bin/torchrun", line 10, in <module>
    sys.exit(main())
             ^^^^^^
  File "/venv/main/lib/python3.12/site-packages/torch/distributed/elastic/multiprocessing/errors/__init__.py", line 362, in wrapper
    return f(*args, **kwargs)
           ^^^^^^^^^^^^^^^^^^
  File "/venv/main/lib/python3.12/site-packages/torch/distributed/run.py", line 991, in main
    run(args)
  File "/venv/main/lib/python3.12/site-packages/torch/distributed/run.py", line 982, in run
    elastic_launch(
  File "/venv/main/lib/python3.12/site-packages/torch/distributed/launcher/api.py", line 170, in __call__
    return launch_agent(self._config, self._entrypoint, list(args))
           ^^^^^^^^^^^^^^^^^^^^^^^^^^^^^^^^^^^^^^^^^^^^^^^^^^^^^^^^
  File "/venv/main/lib/python3.12/site-packages/torch/distributed/launcher/api.py", line 317, in launch_agent
    raise ChildFailedError(
torch.distributed.elastic.multiprocessing.errors.ChildFailedError: 
============================================================
/workspace/jobs/edgecnn/edgecnn_32_large.py FAILED
------------------------------------------------------------
Failures:
[1]:
  time      : 2026-04-13_18:56:24
  host      : 72d3b753fbb9
  rank      : 2 (local_rank: 2)
  exitcode  : 1 (pid: 256293)
  error_file: <N/A>
  traceback : To enable traceback see: https://pytorch.org/docs/stable/elastic/errors.html
[2]:
  time      : 2026-04-13_18:56:24
  host      : 72d3b753fbb9
  rank      : 1 (local_rank: 1)
  exitcode  : 1 (pid: 256292)
  error_file: <N/A>
  traceback : To enable traceback see: https://pytorch.org/docs/stable/elastic/errors.html
[3]:
  time      : 2026-04-13_18:56:24
  host      : 72d3b753fbb9
  rank      : 3 (local_rank: 3)
  exitcode  : 1 (pid: 256294)
  error_file: <N/A>
  traceback : To enable traceback see: https://pytorch.org/docs/stable/elastic/errors.html
[4]:
  time      : 2026-04-13_18:56:24
  host      : 72d3b753fbb9
  rank      : 4 (local_rank: 4)
  exitcode  : 1 (pid: 256295)
  error_file: <N/A>
  traceback : To enable traceback see: https://pytorch.org/docs/stable/elastic/errors.html
[5]:
  time      : 2026-04-13_18:56:24
  host      : 72d3b753fbb9
  rank      : 5 (local_rank: 5)
  exitcode  : 1 (pid: 256296)
  error_file: <N/A>
  traceback : To enable traceback see: https://pytorch.org/docs/stable/elastic/errors.html
[6]:
  time      : 2026-04-13_18:56:24
  host      : 72d3b753fbb9
  rank      : 6 (local_rank: 6)
  exitcode  : 1 (pid: 256297)
  error_file: <N/A>
  traceback : To enable traceback see: https://pytorch.org/docs/stable/elastic/errors.html
[7]:
  time      : 2026-04-13_18:56:24
  host      : 72d3b753fbb9
  rank      : 7 (local_rank: 7)
  exitcode  : 1 (pid: 256298)
  error_file: <N/A>
  traceback : To enable traceback see: https://pytorch.org/docs/stable/elastic/errors.html
------------------------------------------------------------
Root Cause (first observed failure):
[0]:
  time      : 2026-04-13_18:56:24
  host      : 72d3b753fbb9
  rank      : 0 (local_rank: 0)
  exitcode  : 1 (pid: 256291)
  error_file: <N/A>
  traceback : To enable traceback see: https://pytorch.org/docs/stable/elastic/errors.html
============================================================
