W0413 19:45:03.882000 284428 site-packages/torch/distributed/run.py:852] 
W0413 19:45:03.882000 284428 site-packages/torch/distributed/run.py:852] *****************************************
W0413 19:45:03.882000 284428 site-packages/torch/distributed/run.py:852] Setting OMP_NUM_THREADS environment variable for each process to be 1 in default, to avoid your system being overloaded, please further tune the variable for optimal performance in your application as needed. 
W0413 19:45:03.882000 284428 site-packages/torch/distributed/run.py:852] *****************************************
###FEATURES###
{"model_type": "diffusion_unet", "batch_size": 1, "param_count": 364563712}
###END_FEATURES###
sd_1_large | GPUs:4 | Batch:1 | Params:364,563,712
[rank1]: Traceback (most recent call last):
[rank1]:   File "/workspace/jobs/stable_diffusion/sd_1_large.py", line 197, in <module>
[rank1]:     if __name__ == "__main__": main()
[rank1]:                                ^^^^^^
[rank1]:   File "/workspace/jobs/stable_diffusion/sd_1_large.py", line 184, in main
[rank1]:     noisy = latent + noise * t[:, None, None, None]
[rank1]:                              ~^^^^^^^^^^^^^^^^^^^^^
[rank1]: IndexError: too many indices for tensor of dimension 0
[rank0]: Traceback (most recent call last):
[rank0]:   File "/workspace/jobs/stable_diffusion/sd_1_large.py", line 197, in <module>
[rank0]:     if __name__ == "__main__": main()
[rank0]:                                ^^^^^^
[rank0]:   File "/workspace/jobs/stable_diffusion/sd_1_large.py", line 184, in main
[rank0]:     noisy = latent + noise * t[:, None, None, None]
[rank0]:                              ~^^^^^^^^^^^^^^^^^^^^^
[rank0]: IndexError: too many indices for tensor of dimension 0
[rank3]: Traceback (most recent call last):
[rank3]:   File "/workspace/jobs/stable_diffusion/sd_1_large.py", line 197, in <module>
[rank3]:     if __name__ == "__main__": main()
[rank3]:                                ^^^^^^
[rank3]:   File "/workspace/jobs/stable_diffusion/sd_1_large.py", line 184, in main
[rank3]:     noisy = latent + noise * t[:, None, None, None]
[rank3]:                              ~^^^^^^^^^^^^^^^^^^^^^
[rank3]: IndexError: too many indices for tensor of dimension 0
[rank2]: Traceback (most recent call last):
[rank2]:   File "/workspace/jobs/stable_diffusion/sd_1_large.py", line 197, in <module>
[rank2]:     if __name__ == "__main__": main()
[rank2]:                                ^^^^^^
[rank2]:   File "/workspace/jobs/stable_diffusion/sd_1_large.py", line 184, in main
[rank2]:     noisy = latent + noise * t[:, None, None, None]
[rank2]:                              ~^^^^^^^^^^^^^^^^^^^^^
[rank2]: IndexError: too many indices for tensor of dimension 0
[rank0]:[W413 19:45:13.641717486 ProcessGroupNCCL.cpp:1553] Warning: WARNING: destroy_process_group() was not called before program exit, which can leak resources. For more info, please see https://pytorch.org/docs/stable/distributed.html#shutdown (function operator())
W0413 19:45:14.385000 284428 site-packages/torch/distributed/elastic/multiprocessing/api.py:1010] Sending process 284497 closing signal SIGTERM
W0413 19:45:14.386000 284428 site-packages/torch/distributed/elastic/multiprocessing/api.py:1010] Sending process 284499 closing signal SIGTERM
W0413 19:45:14.387000 284428 site-packages/torch/distributed/elastic/multiprocessing/api.py:1010] Sending process 284500 closing signal SIGTERM
E0413 19:45:14.666000 284428 site-packages/torch/distributed/elastic/multiprocessing/api.py:984] failed (exitcode: 1) local_rank: 1 (pid: 284498) of binary: /venv/main/bin/python3
Traceback (most recent call last):
  File "/venv/main/bin/torchrun", line 10, in <module>
    sys.exit(main())
             ^^^^^^
  File "/venv/main/lib/python3.12/site-packages/torch/distributed/elastic/multiprocessing/errors/__init__.py", line 362, in wrapper
    return f(*args, **kwargs)
           ^^^^^^^^^^^^^^^^^^
  File "/venv/main/lib/python3.12/site-packages/torch/distributed/run.py", line 991, in main
    run(args)
  File "/venv/main/lib/python3.12/site-packages/torch/distributed/run.py", line 982, in run
    elastic_launch(
  File "/venv/main/lib/python3.12/site-packages/torch/distributed/launcher/api.py", line 170, in __call__
    return launch_agent(self._config, self._entrypoint, list(args))
           ^^^^^^^^^^^^^^^^^^^^^^^^^^^^^^^^^^^^^^^^^^^^^^^^^^^^^^^^
  File "/venv/main/lib/python3.12/site-packages/torch/distributed/launcher/api.py", line 317, in launch_agent
    raise ChildFailedError(
torch.distributed.elastic.multiprocessing.errors.ChildFailedError: 
============================================================
/workspace/jobs/stable_diffusion/sd_1_large.py FAILED
------------------------------------------------------------
Failures:
[1]:
  time      : 2026-04-13_19:45:14
  host      : 72d3b753fbb9
  rank      : 0 (local_rank: 0)
  exitcode  : 1 (pid: 284497)
  error_file: <N/A>
  traceback : To enable traceback see: https://pytorch.org/docs/stable/elastic/errors.html
[2]:
  time      : 2026-04-13_19:45:14
  host      : 72d3b753fbb9
  rank      : 2 (local_rank: 2)
  exitcode  : 1 (pid: 284499)
  error_file: <N/A>
  traceback : To enable traceback see: https://pytorch.org/docs/stable/elastic/errors.html
[3]:
  time      : 2026-04-13_19:45:14
  host      : 72d3b753fbb9
  rank      : 3 (local_rank: 3)
  exitcode  : -15 (pid: 284500)
  error_file: <N/A>
  traceback : Signal 15 (SIGTERM) received by PID 284500
------------------------------------------------------------
Root Cause (first observed failure):
[0]:
  time      : 2026-04-13_19:45:14
  host      : 72d3b753fbb9
  rank      : 1 (local_rank: 1)
  exitcode  : 1 (pid: 284498)
  error_file: <N/A>
  traceback : To enable traceback see: https://pytorch.org/docs/stable/elastic/errors.html
============================================================
