W0413 19:45:16.969000 284584 site-packages/torch/distributed/run.py:852] 
W0413 19:45:16.969000 284584 site-packages/torch/distributed/run.py:852] *****************************************
W0413 19:45:16.969000 284584 site-packages/torch/distributed/run.py:852] Setting OMP_NUM_THREADS environment variable for each process to be 1 in default, to avoid your system being overloaded, please further tune the variable for optimal performance in your application as needed. 
W0413 19:45:16.969000 284584 site-packages/torch/distributed/run.py:852] *****************************************
###FEATURES###
{"model_type": "diffusion_unet", "batch_size": 1, "param_count": 364563712}
###END_FEATURES###
sd_1_large | GPUs:8 | Batch:1 | Params:364,563,712
[rank7]: Traceback (most recent call last):
[rank7]:   File "/workspace/jobs/stable_diffusion/sd_1_large.py", line 197, in <module>
[rank7]:     if __name__ == "__main__": main()
[rank7]:                                ^^^^^^
[rank7]:   File "/workspace/jobs/stable_diffusion/sd_1_large.py", line 184, in main
[rank7]:     noisy = latent + noise * t[:, None, None, None]
[rank7]:                              ~^^^^^^^^^^^^^^^^^^^^^
[rank7]: IndexError: too many indices for tensor of dimension 0
[rank1]: Traceback (most recent call last):
[rank1]:   File "/workspace/jobs/stable_diffusion/sd_1_large.py", line 197, in <module>
[rank1]:     if __name__ == "__main__": main()
[rank1]:                                ^^^^^^
[rank1]:   File "/workspace/jobs/stable_diffusion/sd_1_large.py", line 184, in main
[rank1]:     noisy = latent + noise * t[:, None, None, None]
[rank1]:                              ~^^^^^^^^^^^^^^^^^^^^^
[rank1]: IndexError: too many indices for tensor of dimension 0
[rank4]: Traceback (most recent call last):
[rank4]:   File "/workspace/jobs/stable_diffusion/sd_1_large.py", line 197, in <module>
[rank4]:     if __name__ == "__main__": main()
[rank4]:                                ^^^^^^
[rank4]:   File "/workspace/jobs/stable_diffusion/sd_1_large.py", line 184, in main
[rank4]:     noisy = latent + noise * t[:, None, None, None]
[rank4]:                              ~^^^^^^^^^^^^^^^^^^^^^
[rank4]: IndexError: too many indices for tensor of dimension 0
[rank5]: Traceback (most recent call last):
[rank5]:   File "/workspace/jobs/stable_diffusion/sd_1_large.py", line 197, in <module>
[rank5]:     if __name__ == "__main__": main()
[rank5]:                                ^^^^^^
[rank5]:   File "/workspace/jobs/stable_diffusion/sd_1_large.py", line 184, in main
[rank5]:     noisy = latent + noise * t[:, None, None, None]
[rank5]:                              ~^^^^^^^^^^^^^^^^^^^^^
[rank5]: IndexError: too many indices for tensor of dimension 0
[rank0]: Traceback (most recent call last):
[rank0]:   File "/workspace/jobs/stable_diffusion/sd_1_large.py", line 197, in <module>
[rank0]:     if __name__ == "__main__": main()
[rank0]:                                ^^^^^^
[rank0]:   File "/workspace/jobs/stable_diffusion/sd_1_large.py", line 184, in main
[rank0]:     noisy = latent + noise * t[:, None, None, None]
[rank0]:                              ~^^^^^^^^^^^^^^^^^^^^^
[rank0]: IndexError: too many indices for tensor of dimension 0
[rank6]: Traceback (most recent call last):
[rank6]:   File "/workspace/jobs/stable_diffusion/sd_1_large.py", line 197, in <module>
[rank6]:     if __name__ == "__main__": main()
[rank6]:                                ^^^^^^
[rank6]:   File "/workspace/jobs/stable_diffusion/sd_1_large.py", line 184, in main
[rank6]:     noisy = latent + noise * t[:, None, None, None]
[rank6]:                              ~^^^^^^^^^^^^^^^^^^^^^
[rank6]: IndexError: too many indices for tensor of dimension 0
[rank2]: Traceback (most recent call last):
[rank2]:   File "/workspace/jobs/stable_diffusion/sd_1_large.py", line 197, in <module>
[rank2]:     if __name__ == "__main__": main()
[rank2]:                                ^^^^^^
[rank2]:   File "/workspace/jobs/stable_diffusion/sd_1_large.py", line 184, in main
[rank2]:     noisy = latent + noise * t[:, None, None, None]
[rank2]:                              ~^^^^^^^^^^^^^^^^^^^^^
[rank2]: IndexError: too many indices for tensor of dimension 0
[rank3]: Traceback (most recent call last):
[rank3]:   File "/workspace/jobs/stable_diffusion/sd_1_large.py", line 197, in <module>
[rank3]:     if __name__ == "__main__": main()
[rank3]:                                ^^^^^^
[rank3]:   File "/workspace/jobs/stable_diffusion/sd_1_large.py", line 184, in main
[rank3]:     noisy = latent + noise * t[:, None, None, None]
[rank3]:                              ~^^^^^^^^^^^^^^^^^^^^^
[rank3]: IndexError: too many indices for tensor of dimension 0
[rank0]:[W413 19:45:28.742372064 ProcessGroupNCCL.cpp:1553] Warning: WARNING: destroy_process_group() was not called before program exit, which can leak resources. For more info, please see https://pytorch.org/docs/stable/distributed.html#shutdown (function operator())
W0413 19:45:29.259000 284584 site-packages/torch/distributed/elastic/multiprocessing/api.py:1010] Sending process 284653 closing signal SIGTERM
W0413 19:45:29.260000 284584 site-packages/torch/distributed/elastic/multiprocessing/api.py:1010] Sending process 284654 closing signal SIGTERM
W0413 19:45:29.260000 284584 site-packages/torch/distributed/elastic/multiprocessing/api.py:1010] Sending process 284655 closing signal SIGTERM
W0413 19:45:29.261000 284584 site-packages/torch/distributed/elastic/multiprocessing/api.py:1010] Sending process 284656 closing signal SIGTERM
W0413 19:45:29.261000 284584 site-packages/torch/distributed/elastic/multiprocessing/api.py:1010] Sending process 284657 closing signal SIGTERM
W0413 19:45:29.262000 284584 site-packages/torch/distributed/elastic/multiprocessing/api.py:1010] Sending process 284658 closing signal SIGTERM
W0413 19:45:29.262000 284584 site-packages/torch/distributed/elastic/multiprocessing/api.py:1010] Sending process 284660 closing signal SIGTERM
E0413 19:45:29.878000 284584 site-packages/torch/distributed/elastic/multiprocessing/api.py:984] failed (exitcode: 1) local_rank: 6 (pid: 284659) of binary: /venv/main/bin/python3
Traceback (most recent call last):
  File "/venv/main/bin/torchrun", line 10, in <module>
    sys.exit(main())
             ^^^^^^
  File "/venv/main/lib/python3.12/site-packages/torch/distributed/elastic/multiprocessing/errors/__init__.py", line 362, in wrapper
    return f(*args, **kwargs)
           ^^^^^^^^^^^^^^^^^^
  File "/venv/main/lib/python3.12/site-packages/torch/distributed/run.py", line 991, in main
    run(args)
  File "/venv/main/lib/python3.12/site-packages/torch/distributed/run.py", line 982, in run
    elastic_launch(
  File "/venv/main/lib/python3.12/site-packages/torch/distributed/launcher/api.py", line 170, in __call__
    return launch_agent(self._config, self._entrypoint, list(args))
           ^^^^^^^^^^^^^^^^^^^^^^^^^^^^^^^^^^^^^^^^^^^^^^^^^^^^^^^^
  File "/venv/main/lib/python3.12/site-packages/torch/distributed/launcher/api.py", line 317, in launch_agent
    raise ChildFailedError(
torch.distributed.elastic.multiprocessing.errors.ChildFailedError: 
============================================================
/workspace/jobs/stable_diffusion/sd_1_large.py FAILED
------------------------------------------------------------
Failures:
[1]:
  time      : 2026-04-13_19:45:29
  host      : 72d3b753fbb9
  rank      : 0 (local_rank: 0)
  exitcode  : -15 (pid: 284653)
  error_file: <N/A>
  traceback : Signal 15 (SIGTERM) received by PID 284653
[2]:
  time      : 2026-04-13_19:45:29
  host      : 72d3b753fbb9
  rank      : 1 (local_rank: 1)
  exitcode  : 1 (pid: 284654)
  error_file: <N/A>
  traceback : To enable traceback see: https://pytorch.org/docs/stable/elastic/errors.html
[3]:
  time      : 2026-04-13_19:45:29
  host      : 72d3b753fbb9
  rank      : 2 (local_rank: 2)
  exitcode  : 1 (pid: 284655)
  error_file: <N/A>
  traceback : To enable traceback see: https://pytorch.org/docs/stable/elastic/errors.html
[4]:
  time      : 2026-04-13_19:45:29
  host      : 72d3b753fbb9
  rank      : 3 (local_rank: 3)
  exitcode  : -15 (pid: 284656)
  error_file: <N/A>
  traceback : Signal 15 (SIGTERM) received by PID 284656
[5]:
  time      : 2026-04-13_19:45:29
  host      : 72d3b753fbb9
  rank      : 4 (local_rank: 4)
  exitcode  : 1 (pid: 284657)
  error_file: <N/A>
  traceback : To enable traceback see: https://pytorch.org/docs/stable/elastic/errors.html
[6]:
  time      : 2026-04-13_19:45:29
  host      : 72d3b753fbb9
  rank      : 5 (local_rank: 5)
  exitcode  : -15 (pid: 284658)
  error_file: <N/A>
  traceback : Signal 15 (SIGTERM) received by PID 284658
[7]:
  time      : 2026-04-13_19:45:29
  host      : 72d3b753fbb9
  rank      : 7 (local_rank: 7)
  exitcode  : 1 (pid: 284660)
  error_file: <N/A>
  traceback : To enable traceback see: https://pytorch.org/docs/stable/elastic/errors.html
------------------------------------------------------------
Root Cause (first observed failure):
[0]:
  time      : 2026-04-13_19:45:29
  host      : 72d3b753fbb9
  rank      : 6 (local_rank: 6)
  exitcode  : 1 (pid: 284659)
  error_file: <N/A>
  traceback : To enable traceback see: https://pytorch.org/docs/stable/elastic/errors.html
============================================================
